2022-09-05 09:44:59,709 [Worker-6: Loading available Gradle versions] INFO  o.e.b.c.i.u.g.PublishedGradleVersions - Gradle version information cache is out-of-date. Trying to update.
2022-09-05 10:47:48,927 [Worker-6: Loading available Gradle versions] INFO  o.e.b.c.i.u.g.PublishedGradleVersions - Gradle version information cache is up-to-date. Trying to read.
2022-09-05 10:49:15,921 [Worker-0: Importing Maven projects] INFO  o.e.m.c.i.l.LifecycleMappingFactory - Using org.eclipse.m2e.jdt.JarLifecycleMapping lifecycle mapping for MavenProject: br.com.etechoracio:pw2-jpa:0.0.1-SNAPSHOT @ D:\Projetos\2AI\PW2\Miguel-Matheus\pw2-jpa\pw2-jpa\pom.xml.
2022-09-05 10:49:17,530 [Worker-0: Importing Maven projects] ERROR o.e.m2e.jdt.internal.ModuleSupport - zip END header not found
java.util.zip.ZipException: zip END header not found
	at java.base/java.util.zip.ZipFile$Source.findEND(ZipFile.java:1469) ~[na:na]
	at java.base/java.util.zip.ZipFile$Source.initCEN(ZipFile.java:1477) ~[na:na]
	at java.base/java.util.zip.ZipFile$Source.<init>(ZipFile.java:1315) ~[na:na]
	at java.base/java.util.zip.ZipFile$Source.get(ZipFile.java:1277) ~[na:na]
	at java.base/java.util.zip.ZipFile$CleanableResource.<init>(ZipFile.java:709) ~[na:na]
	at java.base/java.util.zip.ZipFile.<init>(ZipFile.java:243) ~[na:na]
	at java.base/java.util.zip.ZipFile.<init>(ZipFile.java:172) ~[na:na]
	at java.base/java.util.jar.JarFile.<init>(JarFile.java:347) ~[na:na]
	at java.base/java.util.jar.JarFile.<init>(JarFile.java:318) ~[na:na]
	at java.base/java.util.jar.JarFile.<init>(JarFile.java:298) ~[na:na]
	at org.eclipse.m2e.jdt.internal.ModuleSupport.getModuleInfo(ModuleSupport.java:241) ~[na:na]
	at org.eclipse.m2e.jdt.internal.ModuleSupport.getModuleInfo(ModuleSupport.java:203) ~[na:na]
	at org.eclipse.m2e.jdt.internal.ModuleSupport.configureClasspath(ModuleSupport.java:134) ~[na:na]
	at org.eclipse.m2e.jdt.internal.AbstractJavaProjectConfigurator.configureClasspath(AbstractJavaProjectConfigurator.java:896) ~[na:na]
	at org.eclipse.m2e.jdt.internal.DefaultClasspathManagerDelegate.populateClasspath(DefaultClasspathManagerDelegate.java:68) ~[na:na]
	at org.eclipse.m2e.jdt.internal.BuildPathManager.getClasspath(BuildPathManager.java:248) ~[na:na]
	at org.eclipse.m2e.jdt.internal.BuildPathManager.getClasspath(BuildPathManager.java:372) ~[na:na]
	at org.eclipse.m2e.jdt.internal.BuildPathManager.getClasspath(BuildPathManager.java:354) ~[na:na]
	at org.eclipse.m2e.jdt.internal.BuildPathManager.getClasspath(BuildPathManager.java:380) ~[na:na]
	at org.eclipse.m2e.jdt.internal.BuildPathManager.updateClasspath(BuildPathManager.java:208) ~[na:na]
	at org.eclipse.m2e.jdt.internal.BuildPathManager.mavenProjectChanged(BuildPathManager.java:196) ~[na:na]
	at org.eclipse.m2e.core.internal.project.registry.ProjectRegistryManager.notifyProjectChangeListeners(ProjectRegistryManager.java:806) ~[na:na]
	at org.eclipse.m2e.core.internal.project.registry.ProjectRegistryManager.applyMutableProjectRegistry(ProjectRegistryManager.java:972) ~[na:na]
	at org.eclipse.m2e.core.internal.project.registry.ProjectRegistryManager.refresh(ProjectRegistryManager.java:305) ~[na:na]
	at org.eclipse.m2e.core.internal.project.ProjectConfigurationManager.configureNewMavenProjects(ProjectConfigurationManager.java:269) ~[na:na]
	at org.eclipse.m2e.core.internal.project.ProjectConfigurationManager.lambda$0(ProjectConfigurationManager.java:178) ~[na:na]
	at org.eclipse.m2e.core.internal.embedder.MavenExecutionContext.executeBare(MavenExecutionContext.java:182) ~[na:na]
	at org.eclipse.m2e.core.internal.embedder.MavenExecutionContext.execute(MavenExecutionContext.java:156) ~[na:na]
	at org.eclipse.m2e.core.internal.embedder.MavenExecutionContext.execute(MavenExecutionContext.java:103) ~[na:na]
	at org.eclipse.m2e.core.internal.embedder.MavenImpl.execute(MavenImpl.java:1416) ~[na:na]
	at org.eclipse.m2e.core.internal.project.ProjectConfigurationManager.importProjects(ProjectConfigurationManager.java:148) ~[na:na]
	at org.eclipse.m2e.core.ui.internal.wizards.ImportMavenProjectsJob$1.doCreateMavenProjects(ImportMavenProjectsJob.java:70) ~[org.eclipse.m2e.core.ui_1.19.0.20220206-1032.jar:na]
	at org.eclipse.m2e.core.ui.internal.wizards.AbstractCreateMavenProjectsOperation.run(AbstractCreateMavenProjectsOperation.java:76) ~[org.eclipse.m2e.core.ui_1.19.0.20220206-1032.jar:na]
	at org.eclipse.m2e.core.ui.internal.wizards.ImportMavenProjectsJob.runInWorkspace(ImportMavenProjectsJob.java:79) ~[org.eclipse.m2e.core.ui_1.19.0.20220206-1032.jar:na]
	at org.eclipse.core.internal.resources.InternalWorkspaceJob.run(InternalWorkspaceJob.java:43) ~[na:na]
	at org.eclipse.core.internal.jobs.Worker.run(Worker.java:63) ~[org.eclipse.core.jobs_3.13.0.v20220512-1935.jar:na]
2022-09-05 10:49:17,605 [Worker-0: Importing Maven projects] ERROR o.e.m2e.jdt.internal.ModuleSupport - zip END header not found
java.util.zip.ZipException: zip END header not found
	at java.base/java.util.zip.ZipFile$Source.findEND(ZipFile.java:1469) ~[na:na]
	at java.base/java.util.zip.ZipFile$Source.initCEN(ZipFile.java:1477) ~[na:na]
	at java.base/java.util.zip.ZipFile$Source.<init>(ZipFile.java:1315) ~[na:na]
	at java.base/java.util.zip.ZipFile$Source.get(ZipFile.java:1277) ~[na:na]
	at java.base/java.util.zip.ZipFile$CleanableResource.<init>(ZipFile.java:709) ~[na:na]
	at java.base/java.util.zip.ZipFile.<init>(ZipFile.java:243) ~[na:na]
	at java.base/java.util.zip.ZipFile.<init>(ZipFile.java:172) ~[na:na]
	at java.base/java.util.jar.JarFile.<init>(JarFile.java:347) ~[na:na]
	at java.base/java.util.jar.JarFile.<init>(JarFile.java:318) ~[na:na]
	at java.base/java.util.jar.JarFile.<init>(JarFile.java:298) ~[na:na]
	at org.eclipse.m2e.jdt.internal.ModuleSupport.getModuleInfo(ModuleSupport.java:241) ~[na:na]
	at org.eclipse.m2e.jdt.internal.ModuleSupport.getModuleInfo(ModuleSupport.java:203) ~[na:na]
	at org.eclipse.m2e.jdt.internal.ModuleSupport.configureClasspath(ModuleSupport.java:134) ~[na:na]
	at org.eclipse.m2e.jdt.internal.AbstractJavaProjectConfigurator.configureClasspath(AbstractJavaProjectConfigurator.java:896) ~[na:na]
	at org.eclipse.m2e.jdt.internal.DefaultClasspathManagerDelegate.populateClasspath(DefaultClasspathManagerDelegate.java:68) ~[na:na]
	at org.eclipse.m2e.jdt.internal.BuildPathManager.getClasspath(BuildPathManager.java:248) ~[na:na]
	at org.eclipse.m2e.jdt.internal.BuildPathManager.getClasspath(BuildPathManager.java:372) ~[na:na]
	at org.eclipse.m2e.jdt.internal.BuildPathManager.getClasspath(BuildPathManager.java:354) ~[na:na]
	at org.eclipse.m2e.jdt.internal.BuildPathManager.getClasspath(BuildPathManager.java:380) ~[na:na]
	at org.eclipse.m2e.jdt.internal.BuildPathManager.updateClasspath(BuildPathManager.java:208) ~[na:na]
	at org.eclipse.m2e.jdt.internal.BuildPathManager.mavenProjectChanged(BuildPathManager.java:196) ~[na:na]
	at org.eclipse.m2e.core.internal.project.registry.ProjectRegistryManager.notifyProjectChangeListeners(ProjectRegistryManager.java:806) ~[na:na]
	at org.eclipse.m2e.core.internal.project.registry.ProjectRegistryManager.applyMutableProjectRegistry(ProjectRegistryManager.java:972) ~[na:na]
	at org.eclipse.m2e.core.internal.project.registry.ProjectRegistryManager.refresh(ProjectRegistryManager.java:305) ~[na:na]
	at org.eclipse.m2e.core.internal.project.ProjectConfigurationManager.configureNewMavenProjects(ProjectConfigurationManager.java:269) ~[na:na]
	at org.eclipse.m2e.core.internal.project.ProjectConfigurationManager.lambda$0(ProjectConfigurationManager.java:178) ~[na:na]
	at org.eclipse.m2e.core.internal.embedder.MavenExecutionContext.executeBare(MavenExecutionContext.java:182) ~[na:na]
	at org.eclipse.m2e.core.internal.embedder.MavenExecutionContext.execute(MavenExecutionContext.java:156) ~[na:na]
	at org.eclipse.m2e.core.internal.embedder.MavenExecutionContext.execute(MavenExecutionContext.java:103) ~[na:na]
	at org.eclipse.m2e.core.internal.embedder.MavenImpl.execute(MavenImpl.java:1416) ~[na:na]
	at org.eclipse.m2e.core.internal.project.ProjectConfigurationManager.importProjects(ProjectConfigurationManager.java:148) ~[na:na]
	at org.eclipse.m2e.core.ui.internal.wizards.ImportMavenProjectsJob$1.doCreateMavenProjects(ImportMavenProjectsJob.java:70) ~[org.eclipse.m2e.core.ui_1.19.0.20220206-1032.jar:na]
	at org.eclipse.m2e.core.ui.internal.wizards.AbstractCreateMavenProjectsOperation.run(AbstractCreateMavenProjectsOperation.java:76) ~[org.eclipse.m2e.core.ui_1.19.0.20220206-1032.jar:na]
	at org.eclipse.m2e.core.ui.internal.wizards.ImportMavenProjectsJob.runInWorkspace(ImportMavenProjectsJob.java:79) ~[org.eclipse.m2e.core.ui_1.19.0.20220206-1032.jar:na]
	at org.eclipse.core.internal.resources.InternalWorkspaceJob.run(InternalWorkspaceJob.java:43) ~[na:na]
	at org.eclipse.core.internal.jobs.Worker.run(Worker.java:63) ~[org.eclipse.core.jobs_3.13.0.v20220512-1935.jar:na]
2022-09-05 10:49:18,973 [Worker-0: Importing Maven projects] INFO  o.e.m.j.i.AbstractJavaProjectConfigurator - Adding source folder /pw2-jpa/src/main/java
2022-09-05 10:49:18,973 [Worker-0: Importing Maven projects] INFO  o.e.m.j.i.AbstractJavaProjectConfigurator - Adding resource folder /pw2-jpa/src/main/resources
2022-09-05 10:49:18,974 [Worker-0: Importing Maven projects] INFO  o.e.m.j.i.AbstractJavaProjectConfigurator - Adding resource folder /pw2-jpa/src/main/resources
2022-09-05 10:49:18,975 [Worker-0: Importing Maven projects] INFO  o.e.m.j.i.AbstractJavaProjectConfigurator - Adding source folder /pw2-jpa/src/test/java
2022-09-05 10:49:19,009 [Worker-0: Importing Maven projects] ERROR o.e.m2e.jdt.internal.ModuleSupport - zip END header not found
java.util.zip.ZipException: zip END header not found
	at java.base/java.util.zip.ZipFile$Source.findEND(ZipFile.java:1469) ~[na:na]
	at java.base/java.util.zip.ZipFile$Source.initCEN(ZipFile.java:1477) ~[na:na]
	at java.base/java.util.zip.ZipFile$Source.<init>(ZipFile.java:1315) ~[na:na]
	at java.base/java.util.zip.ZipFile$Source.get(ZipFile.java:1277) ~[na:na]
	at java.base/java.util.zip.ZipFile$CleanableResource.<init>(ZipFile.java:709) ~[na:na]
	at java.base/java.util.zip.ZipFile.<init>(ZipFile.java:243) ~[na:na]
	at java.base/java.util.zip.ZipFile.<init>(ZipFile.java:172) ~[na:na]
	at java.base/java.util.jar.JarFile.<init>(JarFile.java:347) ~[na:na]
	at java.base/java.util.jar.JarFile.<init>(JarFile.java:318) ~[na:na]
	at java.base/java.util.jar.JarFile.<init>(JarFile.java:298) ~[na:na]
	at org.eclipse.m2e.jdt.internal.ModuleSupport.getModuleInfo(ModuleSupport.java:241) ~[na:na]
	at org.eclipse.m2e.jdt.internal.ModuleSupport.getModuleInfo(ModuleSupport.java:203) ~[na:na]
	at org.eclipse.m2e.jdt.internal.ModuleSupport.configureClasspath(ModuleSupport.java:134) ~[na:na]
	at org.eclipse.m2e.jdt.internal.AbstractJavaProjectConfigurator.configureClasspath(AbstractJavaProjectConfigurator.java:896) ~[na:na]
	at org.eclipse.m2e.jdt.internal.DefaultClasspathManagerDelegate.populateClasspath(DefaultClasspathManagerDelegate.java:68) ~[na:na]
	at org.eclipse.m2e.jdt.internal.BuildPathManager.getClasspath(BuildPathManager.java:248) ~[na:na]
	at org.eclipse.m2e.jdt.internal.BuildPathManager.getClasspath(BuildPathManager.java:372) ~[na:na]
	at org.eclipse.m2e.jdt.internal.BuildPathManager.getClasspath(BuildPathManager.java:354) ~[na:na]
	at org.eclipse.m2e.jdt.internal.BuildPathManager.getClasspath(BuildPathManager.java:380) ~[na:na]
	at org.eclipse.m2e.jdt.internal.BuildPathManager.updateClasspath(BuildPathManager.java:208) ~[na:na]
	at org.eclipse.m2e.jdt.internal.AbstractJavaProjectConfigurator.configure(AbstractJavaProjectConfigurator.java:184) ~[na:na]
	at org.eclipse.m2e.core.project.configurator.AbstractLifecycleMapping.configure(AbstractLifecycleMapping.java:124) ~[na:na]
	at org.eclipse.m2e.core.internal.project.ProjectConfigurationManager.lambda$2(ProjectConfigurationManager.java:515) ~[na:na]
	at org.eclipse.m2e.core.internal.embedder.MavenExecutionContext.executeBare(MavenExecutionContext.java:182) ~[na:na]
	at org.eclipse.m2e.core.internal.embedder.MavenExecutionContext.execute(MavenExecutionContext.java:156) ~[na:na]
	at org.eclipse.m2e.core.internal.project.ProjectConfigurationManager.updateProjectConfiguration(ProjectConfigurationManager.java:509) ~[na:na]
	at org.eclipse.m2e.core.internal.project.ProjectConfigurationManager.configureNewMavenProjects(ProjectConfigurationManager.java:298) ~[na:na]
	at org.eclipse.m2e.core.internal.project.ProjectConfigurationManager.lambda$0(ProjectConfigurationManager.java:178) ~[na:na]
	at org.eclipse.m2e.core.internal.embedder.MavenExecutionContext.executeBare(MavenExecutionContext.java:182) ~[na:na]
	at org.eclipse.m2e.core.internal.embedder.MavenExecutionContext.execute(MavenExecutionContext.java:156) ~[na:na]
	at org.eclipse.m2e.core.internal.embedder.MavenExecutionContext.execute(MavenExecutionContext.java:103) ~[na:na]
	at org.eclipse.m2e.core.internal.embedder.MavenImpl.execute(MavenImpl.java:1416) ~[na:na]
	at org.eclipse.m2e.core.internal.project.ProjectConfigurationManager.importProjects(ProjectConfigurationManager.java:148) ~[na:na]
	at org.eclipse.m2e.core.ui.internal.wizards.ImportMavenProjectsJob$1.doCreateMavenProjects(ImportMavenProjectsJob.java:70) ~[org.eclipse.m2e.core.ui_1.19.0.20220206-1032.jar:na]
	at org.eclipse.m2e.core.ui.internal.wizards.AbstractCreateMavenProjectsOperation.run(AbstractCreateMavenProjectsOperation.java:76) ~[org.eclipse.m2e.core.ui_1.19.0.20220206-1032.jar:na]
	at org.eclipse.m2e.core.ui.internal.wizards.ImportMavenProjectsJob.runInWorkspace(ImportMavenProjectsJob.java:79) ~[org.eclipse.m2e.core.ui_1.19.0.20220206-1032.jar:na]
	at org.eclipse.core.internal.resources.InternalWorkspaceJob.run(InternalWorkspaceJob.java:43) ~[na:na]
	at org.eclipse.core.internal.jobs.Worker.run(Worker.java:63) ~[org.eclipse.core.jobs_3.13.0.v20220512-1935.jar:na]
2022-09-05 10:49:19,016 [Worker-0: Importing Maven projects] ERROR o.e.m2e.jdt.internal.ModuleSupport - zip END header not found
java.util.zip.ZipException: zip END header not found
	at java.base/java.util.zip.ZipFile$Source.findEND(ZipFile.java:1469) ~[na:na]
	at java.base/java.util.zip.ZipFile$Source.initCEN(ZipFile.java:1477) ~[na:na]
	at java.base/java.util.zip.ZipFile$Source.<init>(ZipFile.java:1315) ~[na:na]
	at java.base/java.util.zip.ZipFile$Source.get(ZipFile.java:1277) ~[na:na]
	at java.base/java.util.zip.ZipFile$CleanableResource.<init>(ZipFile.java:709) ~[na:na]
	at java.base/java.util.zip.ZipFile.<init>(ZipFile.java:243) ~[na:na]
	at java.base/java.util.zip.ZipFile.<init>(ZipFile.java:172) ~[na:na]
	at java.base/java.util.jar.JarFile.<init>(JarFile.java:347) ~[na:na]
	at java.base/java.util.jar.JarFile.<init>(JarFile.java:318) ~[na:na]
	at java.base/java.util.jar.JarFile.<init>(JarFile.java:298) ~[na:na]
	at org.eclipse.m2e.jdt.internal.ModuleSupport.getModuleInfo(ModuleSupport.java:241) ~[na:na]
	at org.eclipse.m2e.jdt.internal.ModuleSupport.getModuleInfo(ModuleSupport.java:203) ~[na:na]
	at org.eclipse.m2e.jdt.internal.ModuleSupport.configureClasspath(ModuleSupport.java:134) ~[na:na]
	at org.eclipse.m2e.jdt.internal.AbstractJavaProjectConfigurator.configureClasspath(AbstractJavaProjectConfigurator.java:896) ~[na:na]
	at org.eclipse.m2e.jdt.internal.DefaultClasspathManagerDelegate.populateClasspath(DefaultClasspathManagerDelegate.java:68) ~[na:na]
	at org.eclipse.m2e.jdt.internal.BuildPathManager.getClasspath(BuildPathManager.java:248) ~[na:na]
	at org.eclipse.m2e.jdt.internal.BuildPathManager.getClasspath(BuildPathManager.java:372) ~[na:na]
	at org.eclipse.m2e.jdt.internal.BuildPathManager.getClasspath(BuildPathManager.java:354) ~[na:na]
	at org.eclipse.m2e.jdt.internal.BuildPathManager.getClasspath(BuildPathManager.java:380) ~[na:na]
	at org.eclipse.m2e.jdt.internal.BuildPathManager.updateClasspath(BuildPathManager.java:208) ~[na:na]
	at org.eclipse.m2e.jdt.internal.AbstractJavaProjectConfigurator.configure(AbstractJavaProjectConfigurator.java:184) ~[na:na]
	at org.eclipse.m2e.core.project.configurator.AbstractLifecycleMapping.configure(AbstractLifecycleMapping.java:124) ~[na:na]
	at org.eclipse.m2e.core.internal.project.ProjectConfigurationManager.lambda$2(ProjectConfigurationManager.java:515) ~[na:na]
	at org.eclipse.m2e.core.internal.embedder.MavenExecutionContext.executeBare(MavenExecutionContext.java:182) ~[na:na]
	at org.eclipse.m2e.core.internal.embedder.MavenExecutionContext.execute(MavenExecutionContext.java:156) ~[na:na]
	at org.eclipse.m2e.core.internal.project.ProjectConfigurationManager.updateProjectConfiguration(ProjectConfigurationManager.java:509) ~[na:na]
	at org.eclipse.m2e.core.internal.project.ProjectConfigurationManager.configureNewMavenProjects(ProjectConfigurationManager.java:298) ~[na:na]
	at org.eclipse.m2e.core.internal.project.ProjectConfigurationManager.lambda$0(ProjectConfigurationManager.java:178) ~[na:na]
	at org.eclipse.m2e.core.internal.embedder.MavenExecutionContext.executeBare(MavenExecutionContext.java:182) ~[na:na]
	at org.eclipse.m2e.core.internal.embedder.MavenExecutionContext.execute(MavenExecutionContext.java:156) ~[na:na]
	at org.eclipse.m2e.core.internal.embedder.MavenExecutionContext.execute(MavenExecutionContext.java:103) ~[na:na]
	at org.eclipse.m2e.core.internal.embedder.MavenImpl.execute(MavenImpl.java:1416) ~[na:na]
	at org.eclipse.m2e.core.internal.project.ProjectConfigurationManager.importProjects(ProjectConfigurationManager.java:148) ~[na:na]
	at org.eclipse.m2e.core.ui.internal.wizards.ImportMavenProjectsJob$1.doCreateMavenProjects(ImportMavenProjectsJob.java:70) ~[org.eclipse.m2e.core.ui_1.19.0.20220206-1032.jar:na]
	at org.eclipse.m2e.core.ui.internal.wizards.AbstractCreateMavenProjectsOperation.run(AbstractCreateMavenProjectsOperation.java:76) ~[org.eclipse.m2e.core.ui_1.19.0.20220206-1032.jar:na]
	at org.eclipse.m2e.core.ui.internal.wizards.ImportMavenProjectsJob.runInWorkspace(ImportMavenProjectsJob.java:79) ~[org.eclipse.m2e.core.ui_1.19.0.20220206-1032.jar:na]
	at org.eclipse.core.internal.resources.InternalWorkspaceJob.run(InternalWorkspaceJob.java:43) ~[na:na]
	at org.eclipse.core.internal.jobs.Worker.run(Worker.java:63) ~[org.eclipse.core.jobs_3.13.0.v20220512-1935.jar:na]
2022-09-05 10:49:19,189 [Worker-0: Importing Maven projects] INFO  o.e.m.c.i.p.ProjectConfigurationManager - Imported and configured 1 project(s) in 6 sec
2022-09-05 10:49:19,961 [Worker-30: Building] INFO  o.e.m.c.i.embedder.EclipseLogger - Using 'UTF-8' encoding to copy filtered resources.
2022-09-05 10:49:19,961 [Worker-30: Building] INFO  o.e.m.c.i.embedder.EclipseLogger - Using 'UTF-8' encoding to copy filtered properties files.
2022-09-05 10:49:19,965 [Worker-30: Building] INFO  o.e.m.c.i.embedder.EclipseLogger - Copying 1 resource
2022-09-05 10:49:19,988 [Worker-30: Building] INFO  o.e.m.c.i.embedder.EclipseLogger - Copying 0 resource
2022-09-05 10:49:19,990 [Worker-30: Building] INFO  o.e.m.c.i.embedder.EclipseLogger - Using 'UTF-8' encoding to copy filtered resources.
2022-09-05 10:49:19,991 [Worker-30: Building] INFO  o.e.m.c.i.embedder.EclipseLogger - Using 'UTF-8' encoding to copy filtered properties files.
2022-09-05 10:49:19,991 [Worker-30: Building] INFO  o.e.m.c.i.embedder.EclipseLogger - skip non existing resourceDirectory D:\Projetos\2AI\PW2\Miguel-Matheus\pw2-jpa\pw2-jpa\src\test\resources
2022-09-05 10:53:55,315 [Worker-31: Building] INFO  o.e.m.c.i.embedder.EclipseLogger - Using 'UTF-8' encoding to copy filtered resources.
2022-09-05 10:53:55,315 [Worker-31: Building] INFO  o.e.m.c.i.embedder.EclipseLogger - Using 'UTF-8' encoding to copy filtered properties files.
2022-09-05 10:53:55,324 [Worker-31: Building] INFO  o.e.m.c.i.embedder.EclipseLogger - Copying 1 resource
2022-09-05 10:53:55,330 [Worker-31: Building] INFO  o.e.m.c.i.embedder.EclipseLogger - Copying 0 resource
2022-09-05 10:53:55,333 [Worker-31: Building] INFO  o.e.m.c.i.embedder.EclipseLogger - Using 'UTF-8' encoding to copy filtered resources.
2022-09-05 10:53:55,333 [Worker-31: Building] INFO  o.e.m.c.i.embedder.EclipseLogger - Using 'UTF-8' encoding to copy filtered properties files.
2022-09-05 10:53:55,333 [Worker-31: Building] INFO  o.e.m.c.i.embedder.EclipseLogger - skip non existing resourceDirectory D:\Projetos\2AI\PW2\Miguel-Matheus\pw2-jpa\pw2-jpa\src\test\resources
2022-09-05 11:04:41,892 [Worker-31: Launching Pw2JpaApplication] ERROR o.e.m2e.jdt.internal.ModuleSupport - zip END header not found
java.util.zip.ZipException: zip END header not found
	at java.base/java.util.zip.ZipFile$Source.findEND(ZipFile.java:1469) ~[na:na]
	at java.base/java.util.zip.ZipFile$Source.initCEN(ZipFile.java:1477) ~[na:na]
	at java.base/java.util.zip.ZipFile$Source.<init>(ZipFile.java:1315) ~[na:na]
	at java.base/java.util.zip.ZipFile$Source.get(ZipFile.java:1277) ~[na:na]
	at java.base/java.util.zip.ZipFile$CleanableResource.<init>(ZipFile.java:709) ~[na:na]
	at java.base/java.util.zip.ZipFile.<init>(ZipFile.java:243) ~[na:na]
	at java.base/java.util.zip.ZipFile.<init>(ZipFile.java:172) ~[na:na]
	at java.base/java.util.jar.JarFile.<init>(JarFile.java:347) ~[na:na]
	at java.base/java.util.jar.JarFile.<init>(JarFile.java:318) ~[na:na]
	at java.base/java.util.jar.JarFile.<init>(JarFile.java:298) ~[na:na]
	at org.eclipse.m2e.jdt.internal.ModuleSupport.getModuleInfo(ModuleSupport.java:241) ~[na:na]
	at org.eclipse.m2e.jdt.internal.ModuleSupport.getModuleInfo(ModuleSupport.java:203) ~[na:na]
	at org.eclipse.m2e.jdt.internal.ModuleSupport.configureClasspath(ModuleSupport.java:134) ~[na:na]
	at org.eclipse.m2e.jdt.internal.AbstractJavaProjectConfigurator.configureClasspath(AbstractJavaProjectConfigurator.java:896) ~[na:na]
	at org.eclipse.m2e.jdt.internal.DefaultClasspathManagerDelegate.populateClasspath(DefaultClasspathManagerDelegate.java:68) ~[na:na]
	at org.eclipse.m2e.jdt.internal.BuildPathManager.getClasspath(BuildPathManager.java:248) ~[na:na]
	at org.eclipse.m2e.jdt.internal.BuildPathManager.getClasspath(BuildPathManager.java:372) ~[na:na]
	at org.eclipse.m2e.jdt.internal.launch.MavenRuntimeClasspathProvider.addMavenClasspathEntries(MavenRuntimeClasspathProvider.java:206) ~[na:na]
	at org.eclipse.m2e.jdt.internal.launch.MavenRuntimeClasspathProvider.resolveClasspath0(MavenRuntimeClasspathProvider.java:179) ~[na:na]
	at org.eclipse.m2e.jdt.internal.launch.MavenRuntimeClasspathProvider.lambda$1(MavenRuntimeClasspathProvider.java:161) ~[na:na]
	at org.eclipse.m2e.core.internal.embedder.MavenExecutionContext.executeBare(MavenExecutionContext.java:182) ~[na:na]
	at org.eclipse.m2e.core.internal.embedder.MavenExecutionContext.execute(MavenExecutionContext.java:156) ~[na:na]
	at org.eclipse.m2e.core.internal.embedder.MavenExecutionContext.execute(MavenExecutionContext.java:103) ~[na:na]
	at org.eclipse.m2e.core.internal.embedder.MavenImpl.execute(MavenImpl.java:1416) ~[na:na]
	at org.eclipse.m2e.jdt.internal.launch.MavenRuntimeClasspathProvider.resolveClasspath(MavenRuntimeClasspathProvider.java:161) ~[na:na]
	at org.eclipse.jdt.internal.launching.RuntimeClasspathProvider.resolveClasspath(RuntimeClasspathProvider.java:68) ~[na:na]
	at org.eclipse.jdt.launching.JavaRuntime.resolveRuntimeClasspath(JavaRuntime.java:1664) ~[na:na]
	at org.eclipse.jdt.launching.AbstractJavaLaunchConfigurationDelegate.getClasspath(AbstractJavaLaunchConfigurationDelegate.java:432) ~[na:na]
	at org.eclipse.jdt.launching.JavaLaunchDelegate.getVMRunnerConfiguration(JavaLaunchDelegate.java:96) ~[na:na]
	at org.eclipse.jdt.launching.JavaLaunchDelegate.launch(JavaLaunchDelegate.java:160) ~[na:na]
	at org.eclipse.debug.internal.core.LaunchConfiguration.launch(LaunchConfiguration.java:803) ~[na:na]
	at org.eclipse.debug.internal.core.LaunchConfiguration.launch(LaunchConfiguration.java:716) ~[na:na]
	at org.eclipse.debug.internal.ui.DebugUIPlugin.buildAndLaunch(DebugUIPlugin.java:1021) ~[na:na]
	at org.eclipse.debug.internal.ui.DebugUIPlugin$2.run(DebugUIPlugin.java:1224) ~[na:na]
	at org.eclipse.core.internal.jobs.Worker.run(Worker.java:63) ~[org.eclipse.core.jobs_3.13.0.v20220512-1935.jar:na]
2022-09-05 11:04:41,897 [Worker-31: Launching Pw2JpaApplication] ERROR o.e.m2e.jdt.internal.ModuleSupport - zip END header not found
java.util.zip.ZipException: zip END header not found
	at java.base/java.util.zip.ZipFile$Source.findEND(ZipFile.java:1469) ~[na:na]
	at java.base/java.util.zip.ZipFile$Source.initCEN(ZipFile.java:1477) ~[na:na]
	at java.base/java.util.zip.ZipFile$Source.<init>(ZipFile.java:1315) ~[na:na]
	at java.base/java.util.zip.ZipFile$Source.get(ZipFile.java:1277) ~[na:na]
	at java.base/java.util.zip.ZipFile$CleanableResource.<init>(ZipFile.java:709) ~[na:na]
	at java.base/java.util.zip.ZipFile.<init>(ZipFile.java:243) ~[na:na]
	at java.base/java.util.zip.ZipFile.<init>(ZipFile.java:172) ~[na:na]
	at java.base/java.util.jar.JarFile.<init>(JarFile.java:347) ~[na:na]
	at java.base/java.util.jar.JarFile.<init>(JarFile.java:318) ~[na:na]
	at java.base/java.util.jar.JarFile.<init>(JarFile.java:298) ~[na:na]
	at org.eclipse.m2e.jdt.internal.ModuleSupport.getModuleInfo(ModuleSupport.java:241) ~[na:na]
	at org.eclipse.m2e.jdt.internal.ModuleSupport.getModuleInfo(ModuleSupport.java:203) ~[na:na]
	at org.eclipse.m2e.jdt.internal.ModuleSupport.configureClasspath(ModuleSupport.java:134) ~[na:na]
	at org.eclipse.m2e.jdt.internal.AbstractJavaProjectConfigurator.configureClasspath(AbstractJavaProjectConfigurator.java:896) ~[na:na]
	at org.eclipse.m2e.jdt.internal.DefaultClasspathManagerDelegate.populateClasspath(DefaultClasspathManagerDelegate.java:68) ~[na:na]
	at org.eclipse.m2e.jdt.internal.BuildPathManager.getClasspath(BuildPathManager.java:248) ~[na:na]
	at org.eclipse.m2e.jdt.internal.BuildPathManager.getClasspath(BuildPathManager.java:372) ~[na:na]
	at org.eclipse.m2e.jdt.internal.launch.MavenRuntimeClasspathProvider.addMavenClasspathEntries(MavenRuntimeClasspathProvider.java:206) ~[na:na]
	at org.eclipse.m2e.jdt.internal.launch.MavenRuntimeClasspathProvider.resolveClasspath0(MavenRuntimeClasspathProvider.java:179) ~[na:na]
	at org.eclipse.m2e.jdt.internal.launch.MavenRuntimeClasspathProvider.lambda$1(MavenRuntimeClasspathProvider.java:161) ~[na:na]
	at org.eclipse.m2e.core.internal.embedder.MavenExecutionContext.executeBare(MavenExecutionContext.java:182) ~[na:na]
	at org.eclipse.m2e.core.internal.embedder.MavenExecutionContext.execute(MavenExecutionContext.java:156) ~[na:na]
	at org.eclipse.m2e.core.internal.embedder.MavenExecutionContext.execute(MavenExecutionContext.java:103) ~[na:na]
	at org.eclipse.m2e.core.internal.embedder.MavenImpl.execute(MavenImpl.java:1416) ~[na:na]
	at org.eclipse.m2e.jdt.internal.launch.MavenRuntimeClasspathProvider.resolveClasspath(MavenRuntimeClasspathProvider.java:161) ~[na:na]
	at org.eclipse.jdt.internal.launching.RuntimeClasspathProvider.resolveClasspath(RuntimeClasspathProvider.java:68) ~[na:na]
	at org.eclipse.jdt.launching.JavaRuntime.resolveRuntimeClasspath(JavaRuntime.java:1664) ~[na:na]
	at org.eclipse.jdt.launching.AbstractJavaLaunchConfigurationDelegate.getClasspath(AbstractJavaLaunchConfigurationDelegate.java:432) ~[na:na]
	at org.eclipse.jdt.launching.JavaLaunchDelegate.getVMRunnerConfiguration(JavaLaunchDelegate.java:96) ~[na:na]
	at org.eclipse.jdt.launching.JavaLaunchDelegate.launch(JavaLaunchDelegate.java:160) ~[na:na]
	at org.eclipse.debug.internal.core.LaunchConfiguration.launch(LaunchConfiguration.java:803) ~[na:na]
	at org.eclipse.debug.internal.core.LaunchConfiguration.launch(LaunchConfiguration.java:716) ~[na:na]
	at org.eclipse.debug.internal.ui.DebugUIPlugin.buildAndLaunch(DebugUIPlugin.java:1021) ~[na:na]
	at org.eclipse.debug.internal.ui.DebugUIPlugin$2.run(DebugUIPlugin.java:1224) ~[na:na]
	at org.eclipse.core.internal.jobs.Worker.run(Worker.java:63) ~[org.eclipse.core.jobs_3.13.0.v20220512-1935.jar:na]
2022-09-05 11:04:41,966 [Worker-31: Launching Pw2JpaApplication] ERROR o.e.m2e.jdt.internal.ModuleSupport - zip END header not found
java.util.zip.ZipException: zip END header not found
	at java.base/java.util.zip.ZipFile$Source.findEND(ZipFile.java:1469) ~[na:na]
	at java.base/java.util.zip.ZipFile$Source.initCEN(ZipFile.java:1477) ~[na:na]
	at java.base/java.util.zip.ZipFile$Source.<init>(ZipFile.java:1315) ~[na:na]
	at java.base/java.util.zip.ZipFile$Source.get(ZipFile.java:1277) ~[na:na]
	at java.base/java.util.zip.ZipFile$CleanableResource.<init>(ZipFile.java:709) ~[na:na]
	at java.base/java.util.zip.ZipFile.<init>(ZipFile.java:243) ~[na:na]
	at java.base/java.util.zip.ZipFile.<init>(ZipFile.java:172) ~[na:na]
	at java.base/java.util.jar.JarFile.<init>(JarFile.java:347) ~[na:na]
	at java.base/java.util.jar.JarFile.<init>(JarFile.java:318) ~[na:na]
	at java.base/java.util.jar.JarFile.<init>(JarFile.java:298) ~[na:na]
	at org.eclipse.m2e.jdt.internal.ModuleSupport.getModuleInfo(ModuleSupport.java:241) ~[na:na]
	at org.eclipse.m2e.jdt.internal.ModuleSupport.getModuleInfo(ModuleSupport.java:203) ~[na:na]
	at org.eclipse.m2e.jdt.internal.ModuleSupport.configureClasspath(ModuleSupport.java:134) ~[na:na]
	at org.eclipse.m2e.jdt.internal.AbstractJavaProjectConfigurator.configureClasspath(AbstractJavaProjectConfigurator.java:896) ~[na:na]
	at org.eclipse.m2e.jdt.internal.DefaultClasspathManagerDelegate.populateClasspath(DefaultClasspathManagerDelegate.java:68) ~[na:na]
	at org.eclipse.m2e.jdt.internal.BuildPathManager.getClasspath(BuildPathManager.java:248) ~[na:na]
	at org.eclipse.m2e.jdt.internal.BuildPathManager.getClasspath(BuildPathManager.java:372) ~[na:na]
	at org.eclipse.m2e.jdt.internal.launch.MavenRuntimeClasspathProvider.addMavenClasspathEntries(MavenRuntimeClasspathProvider.java:206) ~[na:na]
	at org.eclipse.m2e.jdt.internal.launch.MavenRuntimeClasspathProvider.resolveClasspath0(MavenRuntimeClasspathProvider.java:179) ~[na:na]
	at org.eclipse.m2e.jdt.internal.launch.MavenRuntimeClasspathProvider.lambda$1(MavenRuntimeClasspathProvider.java:161) ~[na:na]
	at org.eclipse.m2e.core.internal.embedder.MavenExecutionContext.executeBare(MavenExecutionContext.java:182) ~[na:na]
	at org.eclipse.m2e.core.internal.embedder.MavenExecutionContext.execute(MavenExecutionContext.java:156) ~[na:na]
	at org.eclipse.m2e.core.internal.embedder.MavenExecutionContext.execute(MavenExecutionContext.java:103) ~[na:na]
	at org.eclipse.m2e.core.internal.embedder.MavenImpl.execute(MavenImpl.java:1416) ~[na:na]
	at org.eclipse.m2e.jdt.internal.launch.MavenRuntimeClasspathProvider.resolveClasspath(MavenRuntimeClasspathProvider.java:161) ~[na:na]
	at org.eclipse.jdt.internal.launching.RuntimeClasspathProvider.resolveClasspath(RuntimeClasspathProvider.java:68) ~[na:na]
	at org.eclipse.jdt.launching.JavaRuntime.resolveRuntimeClasspath(JavaRuntime.java:1664) ~[na:na]
	at org.eclipse.jdt.launching.AbstractJavaLaunchConfigurationDelegate.getClasspathAndModulepath(AbstractJavaLaunchConfigurationDelegate.java:464) ~[na:na]
	at org.eclipse.jdt.launching.JavaLaunchDelegate.getVMRunnerConfiguration(JavaLaunchDelegate.java:132) ~[na:na]
	at org.eclipse.jdt.launching.JavaLaunchDelegate.launch(JavaLaunchDelegate.java:160) ~[na:na]
	at org.eclipse.debug.internal.core.LaunchConfiguration.launch(LaunchConfiguration.java:803) ~[na:na]
	at org.eclipse.debug.internal.core.LaunchConfiguration.launch(LaunchConfiguration.java:716) ~[na:na]
	at org.eclipse.debug.internal.ui.DebugUIPlugin.buildAndLaunch(DebugUIPlugin.java:1021) ~[na:na]
	at org.eclipse.debug.internal.ui.DebugUIPlugin$2.run(DebugUIPlugin.java:1224) ~[na:na]
	at org.eclipse.core.internal.jobs.Worker.run(Worker.java:63) ~[org.eclipse.core.jobs_3.13.0.v20220512-1935.jar:na]
2022-09-05 11:04:41,972 [Worker-31: Launching Pw2JpaApplication] ERROR o.e.m2e.jdt.internal.ModuleSupport - zip END header not found
java.util.zip.ZipException: zip END header not found
	at java.base/java.util.zip.ZipFile$Source.findEND(ZipFile.java:1469) ~[na:na]
	at java.base/java.util.zip.ZipFile$Source.initCEN(ZipFile.java:1477) ~[na:na]
	at java.base/java.util.zip.ZipFile$Source.<init>(ZipFile.java:1315) ~[na:na]
	at java.base/java.util.zip.ZipFile$Source.get(ZipFile.java:1277) ~[na:na]
	at java.base/java.util.zip.ZipFile$CleanableResource.<init>(ZipFile.java:709) ~[na:na]
	at java.base/java.util.zip.ZipFile.<init>(ZipFile.java:243) ~[na:na]
	at java.base/java.util.zip.ZipFile.<init>(ZipFile.java:172) ~[na:na]
	at java.base/java.util.jar.JarFile.<init>(JarFile.java:347) ~[na:na]
	at java.base/java.util.jar.JarFile.<init>(JarFile.java:318) ~[na:na]
	at java.base/java.util.jar.JarFile.<init>(JarFile.java:298) ~[na:na]
	at org.eclipse.m2e.jdt.internal.ModuleSupport.getModuleInfo(ModuleSupport.java:241) ~[na:na]
	at org.eclipse.m2e.jdt.internal.ModuleSupport.getModuleInfo(ModuleSupport.java:203) ~[na:na]
	at org.eclipse.m2e.jdt.internal.ModuleSupport.configureClasspath(ModuleSupport.java:134) ~[na:na]
	at org.eclipse.m2e.jdt.internal.AbstractJavaProjectConfigurator.configureClasspath(AbstractJavaProjectConfigurator.java:896) ~[na:na]
	at org.eclipse.m2e.jdt.internal.DefaultClasspathManagerDelegate.populateClasspath(DefaultClasspathManagerDelegate.java:68) ~[na:na]
	at org.eclipse.m2e.jdt.internal.BuildPathManager.getClasspath(BuildPathManager.java:248) ~[na:na]
	at org.eclipse.m2e.jdt.internal.BuildPathManager.getClasspath(BuildPathManager.java:372) ~[na:na]
	at org.eclipse.m2e.jdt.internal.launch.MavenRuntimeClasspathProvider.addMavenClasspathEntries(MavenRuntimeClasspathProvider.java:206) ~[na:na]
	at org.eclipse.m2e.jdt.internal.launch.MavenRuntimeClasspathProvider.resolveClasspath0(MavenRuntimeClasspathProvider.java:179) ~[na:na]
	at org.eclipse.m2e.jdt.internal.launch.MavenRuntimeClasspathProvider.lambda$1(MavenRuntimeClasspathProvider.java:161) ~[na:na]
	at org.eclipse.m2e.core.internal.embedder.MavenExecutionContext.executeBare(MavenExecutionContext.java:182) ~[na:na]
	at org.eclipse.m2e.core.internal.embedder.MavenExecutionContext.execute(MavenExecutionContext.java:156) ~[na:na]
	at org.eclipse.m2e.core.internal.embedder.MavenExecutionContext.execute(MavenExecutionContext.java:103) ~[na:na]
	at org.eclipse.m2e.core.internal.embedder.MavenImpl.execute(MavenImpl.java:1416) ~[na:na]
	at org.eclipse.m2e.jdt.internal.launch.MavenRuntimeClasspathProvider.resolveClasspath(MavenRuntimeClasspathProvider.java:161) ~[na:na]
	at org.eclipse.jdt.internal.launching.RuntimeClasspathProvider.resolveClasspath(RuntimeClasspathProvider.java:68) ~[na:na]
	at org.eclipse.jdt.launching.JavaRuntime.resolveRuntimeClasspath(JavaRuntime.java:1664) ~[na:na]
	at org.eclipse.jdt.launching.AbstractJavaLaunchConfigurationDelegate.getClasspathAndModulepath(AbstractJavaLaunchConfigurationDelegate.java:464) ~[na:na]
	at org.eclipse.jdt.launching.JavaLaunchDelegate.getVMRunnerConfiguration(JavaLaunchDelegate.java:132) ~[na:na]
	at org.eclipse.jdt.launching.JavaLaunchDelegate.launch(JavaLaunchDelegate.java:160) ~[na:na]
	at org.eclipse.debug.internal.core.LaunchConfiguration.launch(LaunchConfiguration.java:803) ~[na:na]
	at org.eclipse.debug.internal.core.LaunchConfiguration.launch(LaunchConfiguration.java:716) ~[na:na]
	at org.eclipse.debug.internal.ui.DebugUIPlugin.buildAndLaunch(DebugUIPlugin.java:1021) ~[na:na]
	at org.eclipse.debug.internal.ui.DebugUIPlugin$2.run(DebugUIPlugin.java:1224) ~[na:na]
	at org.eclipse.core.internal.jobs.Worker.run(Worker.java:63) ~[org.eclipse.core.jobs_3.13.0.v20220512-1935.jar:na]
2022-09-05 11:04:42,025 [Worker-31: Launching Pw2JpaApplication] ERROR o.e.m2e.jdt.internal.ModuleSupport - zip END header not found
java.util.zip.ZipException: zip END header not found
	at java.base/java.util.zip.ZipFile$Source.findEND(ZipFile.java:1469) ~[na:na]
	at java.base/java.util.zip.ZipFile$Source.initCEN(ZipFile.java:1477) ~[na:na]
	at java.base/java.util.zip.ZipFile$Source.<init>(ZipFile.java:1315) ~[na:na]
	at java.base/java.util.zip.ZipFile$Source.get(ZipFile.java:1277) ~[na:na]
	at java.base/java.util.zip.ZipFile$CleanableResource.<init>(ZipFile.java:709) ~[na:na]
	at java.base/java.util.zip.ZipFile.<init>(ZipFile.java:243) ~[na:na]
	at java.base/java.util.zip.ZipFile.<init>(ZipFile.java:172) ~[na:na]
	at java.base/java.util.jar.JarFile.<init>(JarFile.java:347) ~[na:na]
	at java.base/java.util.jar.JarFile.<init>(JarFile.java:318) ~[na:na]
	at java.base/java.util.jar.JarFile.<init>(JarFile.java:298) ~[na:na]
	at org.eclipse.m2e.jdt.internal.ModuleSupport.getModuleInfo(ModuleSupport.java:241) ~[na:na]
	at org.eclipse.m2e.jdt.internal.ModuleSupport.getModuleInfo(ModuleSupport.java:203) ~[na:na]
	at org.eclipse.m2e.jdt.internal.ModuleSupport.configureClasspath(ModuleSupport.java:134) ~[na:na]
	at org.eclipse.m2e.jdt.internal.AbstractJavaProjectConfigurator.configureClasspath(AbstractJavaProjectConfigurator.java:896) ~[na:na]
	at org.eclipse.m2e.jdt.internal.DefaultClasspathManagerDelegate.populateClasspath(DefaultClasspathManagerDelegate.java:68) ~[na:na]
	at org.eclipse.m2e.jdt.internal.BuildPathManager.getClasspath(BuildPathManager.java:248) ~[na:na]
	at org.eclipse.m2e.jdt.internal.BuildPathManager.getClasspath(BuildPathManager.java:372) ~[na:na]
	at org.eclipse.m2e.jdt.internal.launch.MavenRuntimeClasspathProvider.addMavenClasspathEntries(MavenRuntimeClasspathProvider.java:206) ~[na:na]
	at org.eclipse.m2e.jdt.internal.launch.MavenRuntimeClasspathProvider.resolveClasspath0(MavenRuntimeClasspathProvider.java:179) ~[na:na]
	at org.eclipse.m2e.jdt.internal.launch.MavenRuntimeClasspathProvider.lambda$1(MavenRuntimeClasspathProvider.java:161) ~[na:na]
	at org.eclipse.m2e.core.internal.embedder.MavenExecutionContext.executeBare(MavenExecutionContext.java:182) ~[na:na]
	at org.eclipse.m2e.core.internal.embedder.MavenExecutionContext.execute(MavenExecutionContext.java:156) ~[na:na]
	at org.eclipse.m2e.core.internal.embedder.MavenExecutionContext.execute(MavenExecutionContext.java:103) ~[na:na]
	at org.eclipse.m2e.core.internal.embedder.MavenImpl.execute(MavenImpl.java:1416) ~[na:na]
	at org.eclipse.m2e.jdt.internal.launch.MavenRuntimeClasspathProvider.resolveClasspath(MavenRuntimeClasspathProvider.java:161) ~[na:na]
	at org.eclipse.jdt.internal.launching.RuntimeClasspathProvider.resolveClasspath(RuntimeClasspathProvider.java:68) ~[na:na]
	at org.eclipse.jdt.launching.JavaRuntime.resolveRuntimeClasspath(JavaRuntime.java:1664) ~[na:na]
	at org.eclipse.jdt.launching.AbstractJavaLaunchConfigurationDelegate.getModuleCLIOptions(AbstractJavaLaunchConfigurationDelegate.java:1156) ~[na:na]
	at org.eclipse.jdt.launching.JavaLaunchDelegate.getVMRunnerConfiguration(JavaLaunchDelegate.java:139) ~[na:na]
	at org.eclipse.jdt.launching.JavaLaunchDelegate.launch(JavaLaunchDelegate.java:160) ~[na:na]
	at org.eclipse.debug.internal.core.LaunchConfiguration.launch(LaunchConfiguration.java:803) ~[na:na]
	at org.eclipse.debug.internal.core.LaunchConfiguration.launch(LaunchConfiguration.java:716) ~[na:na]
	at org.eclipse.debug.internal.ui.DebugUIPlugin.buildAndLaunch(DebugUIPlugin.java:1021) ~[na:na]
	at org.eclipse.debug.internal.ui.DebugUIPlugin$2.run(DebugUIPlugin.java:1224) ~[na:na]
	at org.eclipse.core.internal.jobs.Worker.run(Worker.java:63) ~[org.eclipse.core.jobs_3.13.0.v20220512-1935.jar:na]
2022-09-05 11:04:42,030 [Worker-31: Launching Pw2JpaApplication] ERROR o.e.m2e.jdt.internal.ModuleSupport - zip END header not found
java.util.zip.ZipException: zip END header not found
	at java.base/java.util.zip.ZipFile$Source.findEND(ZipFile.java:1469) ~[na:na]
	at java.base/java.util.zip.ZipFile$Source.initCEN(ZipFile.java:1477) ~[na:na]
	at java.base/java.util.zip.ZipFile$Source.<init>(ZipFile.java:1315) ~[na:na]
	at java.base/java.util.zip.ZipFile$Source.get(ZipFile.java:1277) ~[na:na]
	at java.base/java.util.zip.ZipFile$CleanableResource.<init>(ZipFile.java:709) ~[na:na]
	at java.base/java.util.zip.ZipFile.<init>(ZipFile.java:243) ~[na:na]
	at java.base/java.util.zip.ZipFile.<init>(ZipFile.java:172) ~[na:na]
	at java.base/java.util.jar.JarFile.<init>(JarFile.java:347) ~[na:na]
	at java.base/java.util.jar.JarFile.<init>(JarFile.java:318) ~[na:na]
	at java.base/java.util.jar.JarFile.<init>(JarFile.java:298) ~[na:na]
	at org.eclipse.m2e.jdt.internal.ModuleSupport.getModuleInfo(ModuleSupport.java:241) ~[na:na]
	at org.eclipse.m2e.jdt.internal.ModuleSupport.getModuleInfo(ModuleSupport.java:203) ~[na:na]
	at org.eclipse.m2e.jdt.internal.ModuleSupport.configureClasspath(ModuleSupport.java:134) ~[na:na]
	at org.eclipse.m2e.jdt.internal.AbstractJavaProjectConfigurator.configureClasspath(AbstractJavaProjectConfigurator.java:896) ~[na:na]
	at org.eclipse.m2e.jdt.internal.DefaultClasspathManagerDelegate.populateClasspath(DefaultClasspathManagerDelegate.java:68) ~[na:na]
	at org.eclipse.m2e.jdt.internal.BuildPathManager.getClasspath(BuildPathManager.java:248) ~[na:na]
	at org.eclipse.m2e.jdt.internal.BuildPathManager.getClasspath(BuildPathManager.java:372) ~[na:na]
	at org.eclipse.m2e.jdt.internal.launch.MavenRuntimeClasspathProvider.addMavenClasspathEntries(MavenRuntimeClasspathProvider.java:206) ~[na:na]
	at org.eclipse.m2e.jdt.internal.launch.MavenRuntimeClasspathProvider.resolveClasspath0(MavenRuntimeClasspathProvider.java:179) ~[na:na]
	at org.eclipse.m2e.jdt.internal.launch.MavenRuntimeClasspathProvider.lambda$1(MavenRuntimeClasspathProvider.java:161) ~[na:na]
	at org.eclipse.m2e.core.internal.embedder.MavenExecutionContext.executeBare(MavenExecutionContext.java:182) ~[na:na]
	at org.eclipse.m2e.core.internal.embedder.MavenExecutionContext.execute(MavenExecutionContext.java:156) ~[na:na]
	at org.eclipse.m2e.core.internal.embedder.MavenExecutionContext.execute(MavenExecutionContext.java:103) ~[na:na]
	at org.eclipse.m2e.core.internal.embedder.MavenImpl.execute(MavenImpl.java:1416) ~[na:na]
	at org.eclipse.m2e.jdt.internal.launch.MavenRuntimeClasspathProvider.resolveClasspath(MavenRuntimeClasspathProvider.java:161) ~[na:na]
	at org.eclipse.jdt.internal.launching.RuntimeClasspathProvider.resolveClasspath(RuntimeClasspathProvider.java:68) ~[na:na]
	at org.eclipse.jdt.launching.JavaRuntime.resolveRuntimeClasspath(JavaRuntime.java:1664) ~[na:na]
	at org.eclipse.jdt.launching.AbstractJavaLaunchConfigurationDelegate.getModuleCLIOptions(AbstractJavaLaunchConfigurationDelegate.java:1156) ~[na:na]
	at org.eclipse.jdt.launching.JavaLaunchDelegate.getVMRunnerConfiguration(JavaLaunchDelegate.java:139) ~[na:na]
	at org.eclipse.jdt.launching.JavaLaunchDelegate.launch(JavaLaunchDelegate.java:160) ~[na:na]
	at org.eclipse.debug.internal.core.LaunchConfiguration.launch(LaunchConfiguration.java:803) ~[na:na]
	at org.eclipse.debug.internal.core.LaunchConfiguration.launch(LaunchConfiguration.java:716) ~[na:na]
	at org.eclipse.debug.internal.ui.DebugUIPlugin.buildAndLaunch(DebugUIPlugin.java:1021) ~[na:na]
	at org.eclipse.debug.internal.ui.DebugUIPlugin$2.run(DebugUIPlugin.java:1224) ~[na:na]
	at org.eclipse.core.internal.jobs.Worker.run(Worker.java:63) ~[org.eclipse.core.jobs_3.13.0.v20220512-1935.jar:na]
2022-09-05 11:05:04,768 [Worker-35: Launching Pw2JpaApplication] ERROR o.e.m2e.jdt.internal.ModuleSupport - zip END header not found
java.util.zip.ZipException: zip END header not found
	at java.base/java.util.zip.ZipFile$Source.findEND(ZipFile.java:1469) ~[na:na]
	at java.base/java.util.zip.ZipFile$Source.initCEN(ZipFile.java:1477) ~[na:na]
	at java.base/java.util.zip.ZipFile$Source.<init>(ZipFile.java:1315) ~[na:na]
	at java.base/java.util.zip.ZipFile$Source.get(ZipFile.java:1277) ~[na:na]
	at java.base/java.util.zip.ZipFile$CleanableResource.<init>(ZipFile.java:709) ~[na:na]
	at java.base/java.util.zip.ZipFile.<init>(ZipFile.java:243) ~[na:na]
	at java.base/java.util.zip.ZipFile.<init>(ZipFile.java:172) ~[na:na]
	at java.base/java.util.jar.JarFile.<init>(JarFile.java:347) ~[na:na]
	at java.base/java.util.jar.JarFile.<init>(JarFile.java:318) ~[na:na]
	at java.base/java.util.jar.JarFile.<init>(JarFile.java:298) ~[na:na]
	at org.eclipse.m2e.jdt.internal.ModuleSupport.getModuleInfo(ModuleSupport.java:241) ~[na:na]
	at org.eclipse.m2e.jdt.internal.ModuleSupport.getModuleInfo(ModuleSupport.java:203) ~[na:na]
	at org.eclipse.m2e.jdt.internal.ModuleSupport.configureClasspath(ModuleSupport.java:134) ~[na:na]
	at org.eclipse.m2e.jdt.internal.AbstractJavaProjectConfigurator.configureClasspath(AbstractJavaProjectConfigurator.java:896) ~[na:na]
	at org.eclipse.m2e.jdt.internal.DefaultClasspathManagerDelegate.populateClasspath(DefaultClasspathManagerDelegate.java:68) ~[na:na]
	at org.eclipse.m2e.jdt.internal.BuildPathManager.getClasspath(BuildPathManager.java:248) ~[na:na]
	at org.eclipse.m2e.jdt.internal.BuildPathManager.getClasspath(BuildPathManager.java:372) ~[na:na]
	at org.eclipse.m2e.jdt.internal.launch.MavenRuntimeClasspathProvider.addMavenClasspathEntries(MavenRuntimeClasspathProvider.java:206) ~[na:na]
	at org.eclipse.m2e.jdt.internal.launch.MavenRuntimeClasspathProvider.resolveClasspath0(MavenRuntimeClasspathProvider.java:179) ~[na:na]
	at org.eclipse.m2e.jdt.internal.launch.MavenRuntimeClasspathProvider.lambda$1(MavenRuntimeClasspathProvider.java:161) ~[na:na]
	at org.eclipse.m2e.core.internal.embedder.MavenExecutionContext.executeBare(MavenExecutionContext.java:182) ~[na:na]
	at org.eclipse.m2e.core.internal.embedder.MavenExecutionContext.execute(MavenExecutionContext.java:156) ~[na:na]
	at org.eclipse.m2e.core.internal.embedder.MavenExecutionContext.execute(MavenExecutionContext.java:103) ~[na:na]
	at org.eclipse.m2e.core.internal.embedder.MavenImpl.execute(MavenImpl.java:1416) ~[na:na]
	at org.eclipse.m2e.jdt.internal.launch.MavenRuntimeClasspathProvider.resolveClasspath(MavenRuntimeClasspathProvider.java:161) ~[na:na]
	at org.eclipse.jdt.internal.launching.RuntimeClasspathProvider.resolveClasspath(RuntimeClasspathProvider.java:68) ~[na:na]
	at org.eclipse.jdt.launching.JavaRuntime.resolveRuntimeClasspath(JavaRuntime.java:1664) ~[na:na]
	at org.eclipse.jdt.launching.AbstractJavaLaunchConfigurationDelegate.getClasspath(AbstractJavaLaunchConfigurationDelegate.java:432) ~[na:na]
	at org.eclipse.jdt.launching.JavaLaunchDelegate.getVMRunnerConfiguration(JavaLaunchDelegate.java:96) ~[na:na]
	at org.eclipse.jdt.launching.JavaLaunchDelegate.launch(JavaLaunchDelegate.java:160) ~[na:na]
	at org.eclipse.debug.internal.core.LaunchConfiguration.launch(LaunchConfiguration.java:803) ~[na:na]
	at org.eclipse.debug.internal.core.LaunchConfiguration.launch(LaunchConfiguration.java:716) ~[na:na]
	at org.eclipse.debug.internal.ui.DebugUIPlugin.buildAndLaunch(DebugUIPlugin.java:1021) ~[na:na]
	at org.eclipse.debug.internal.ui.DebugUIPlugin$2.run(DebugUIPlugin.java:1224) ~[na:na]
	at org.eclipse.core.internal.jobs.Worker.run(Worker.java:63) ~[org.eclipse.core.jobs_3.13.0.v20220512-1935.jar:na]
2022-09-05 11:05:04,773 [Worker-35: Launching Pw2JpaApplication] ERROR o.e.m2e.jdt.internal.ModuleSupport - zip END header not found
java.util.zip.ZipException: zip END header not found
	at java.base/java.util.zip.ZipFile$Source.findEND(ZipFile.java:1469) ~[na:na]
	at java.base/java.util.zip.ZipFile$Source.initCEN(ZipFile.java:1477) ~[na:na]
	at java.base/java.util.zip.ZipFile$Source.<init>(ZipFile.java:1315) ~[na:na]
	at java.base/java.util.zip.ZipFile$Source.get(ZipFile.java:1277) ~[na:na]
	at java.base/java.util.zip.ZipFile$CleanableResource.<init>(ZipFile.java:709) ~[na:na]
	at java.base/java.util.zip.ZipFile.<init>(ZipFile.java:243) ~[na:na]
	at java.base/java.util.zip.ZipFile.<init>(ZipFile.java:172) ~[na:na]
	at java.base/java.util.jar.JarFile.<init>(JarFile.java:347) ~[na:na]
	at java.base/java.util.jar.JarFile.<init>(JarFile.java:318) ~[na:na]
	at java.base/java.util.jar.JarFile.<init>(JarFile.java:298) ~[na:na]
	at org.eclipse.m2e.jdt.internal.ModuleSupport.getModuleInfo(ModuleSupport.java:241) ~[na:na]
	at org.eclipse.m2e.jdt.internal.ModuleSupport.getModuleInfo(ModuleSupport.java:203) ~[na:na]
	at org.eclipse.m2e.jdt.internal.ModuleSupport.configureClasspath(ModuleSupport.java:134) ~[na:na]
	at org.eclipse.m2e.jdt.internal.AbstractJavaProjectConfigurator.configureClasspath(AbstractJavaProjectConfigurator.java:896) ~[na:na]
	at org.eclipse.m2e.jdt.internal.DefaultClasspathManagerDelegate.populateClasspath(DefaultClasspathManagerDelegate.java:68) ~[na:na]
	at org.eclipse.m2e.jdt.internal.BuildPathManager.getClasspath(BuildPathManager.java:248) ~[na:na]
	at org.eclipse.m2e.jdt.internal.BuildPathManager.getClasspath(BuildPathManager.java:372) ~[na:na]
	at org.eclipse.m2e.jdt.internal.launch.MavenRuntimeClasspathProvider.addMavenClasspathEntries(MavenRuntimeClasspathProvider.java:206) ~[na:na]
	at org.eclipse.m2e.jdt.internal.launch.MavenRuntimeClasspathProvider.resolveClasspath0(MavenRuntimeClasspathProvider.java:179) ~[na:na]
	at org.eclipse.m2e.jdt.internal.launch.MavenRuntimeClasspathProvider.lambda$1(MavenRuntimeClasspathProvider.java:161) ~[na:na]
	at org.eclipse.m2e.core.internal.embedder.MavenExecutionContext.executeBare(MavenExecutionContext.java:182) ~[na:na]
	at org.eclipse.m2e.core.internal.embedder.MavenExecutionContext.execute(MavenExecutionContext.java:156) ~[na:na]
	at org.eclipse.m2e.core.internal.embedder.MavenExecutionContext.execute(MavenExecutionContext.java:103) ~[na:na]
	at org.eclipse.m2e.core.internal.embedder.MavenImpl.execute(MavenImpl.java:1416) ~[na:na]
	at org.eclipse.m2e.jdt.internal.launch.MavenRuntimeClasspathProvider.resolveClasspath(MavenRuntimeClasspathProvider.java:161) ~[na:na]
	at org.eclipse.jdt.internal.launching.RuntimeClasspathProvider.resolveClasspath(RuntimeClasspathProvider.java:68) ~[na:na]
	at org.eclipse.jdt.launching.JavaRuntime.resolveRuntimeClasspath(JavaRuntime.java:1664) ~[na:na]
	at org.eclipse.jdt.launching.AbstractJavaLaunchConfigurationDelegate.getClasspath(AbstractJavaLaunchConfigurationDelegate.java:432) ~[na:na]
	at org.eclipse.jdt.launching.JavaLaunchDelegate.getVMRunnerConfiguration(JavaLaunchDelegate.java:96) ~[na:na]
	at org.eclipse.jdt.launching.JavaLaunchDelegate.launch(JavaLaunchDelegate.java:160) ~[na:na]
	at org.eclipse.debug.internal.core.LaunchConfiguration.launch(LaunchConfiguration.java:803) ~[na:na]
	at org.eclipse.debug.internal.core.LaunchConfiguration.launch(LaunchConfiguration.java:716) ~[na:na]
	at org.eclipse.debug.internal.ui.DebugUIPlugin.buildAndLaunch(DebugUIPlugin.java:1021) ~[na:na]
	at org.eclipse.debug.internal.ui.DebugUIPlugin$2.run(DebugUIPlugin.java:1224) ~[na:na]
	at org.eclipse.core.internal.jobs.Worker.run(Worker.java:63) ~[org.eclipse.core.jobs_3.13.0.v20220512-1935.jar:na]
2022-09-05 11:05:04,826 [Worker-35: Launching Pw2JpaApplication] ERROR o.e.m2e.jdt.internal.ModuleSupport - zip END header not found
java.util.zip.ZipException: zip END header not found
	at java.base/java.util.zip.ZipFile$Source.findEND(ZipFile.java:1469) ~[na:na]
	at java.base/java.util.zip.ZipFile$Source.initCEN(ZipFile.java:1477) ~[na:na]
	at java.base/java.util.zip.ZipFile$Source.<init>(ZipFile.java:1315) ~[na:na]
	at java.base/java.util.zip.ZipFile$Source.get(ZipFile.java:1277) ~[na:na]
	at java.base/java.util.zip.ZipFile$CleanableResource.<init>(ZipFile.java:709) ~[na:na]
	at java.base/java.util.zip.ZipFile.<init>(ZipFile.java:243) ~[na:na]
	at java.base/java.util.zip.ZipFile.<init>(ZipFile.java:172) ~[na:na]
	at java.base/java.util.jar.JarFile.<init>(JarFile.java:347) ~[na:na]
	at java.base/java.util.jar.JarFile.<init>(JarFile.java:318) ~[na:na]
	at java.base/java.util.jar.JarFile.<init>(JarFile.java:298) ~[na:na]
	at org.eclipse.m2e.jdt.internal.ModuleSupport.getModuleInfo(ModuleSupport.java:241) ~[na:na]
	at org.eclipse.m2e.jdt.internal.ModuleSupport.getModuleInfo(ModuleSupport.java:203) ~[na:na]
	at org.eclipse.m2e.jdt.internal.ModuleSupport.configureClasspath(ModuleSupport.java:134) ~[na:na]
	at org.eclipse.m2e.jdt.internal.AbstractJavaProjectConfigurator.configureClasspath(AbstractJavaProjectConfigurator.java:896) ~[na:na]
	at org.eclipse.m2e.jdt.internal.DefaultClasspathManagerDelegate.populateClasspath(DefaultClasspathManagerDelegate.java:68) ~[na:na]
	at org.eclipse.m2e.jdt.internal.BuildPathManager.getClasspath(BuildPathManager.java:248) ~[na:na]
	at org.eclipse.m2e.jdt.internal.BuildPathManager.getClasspath(BuildPathManager.java:372) ~[na:na]
	at org.eclipse.m2e.jdt.internal.launch.MavenRuntimeClasspathProvider.addMavenClasspathEntries(MavenRuntimeClasspathProvider.java:206) ~[na:na]
	at org.eclipse.m2e.jdt.internal.launch.MavenRuntimeClasspathProvider.resolveClasspath0(MavenRuntimeClasspathProvider.java:179) ~[na:na]
	at org.eclipse.m2e.jdt.internal.launch.MavenRuntimeClasspathProvider.lambda$1(MavenRuntimeClasspathProvider.java:161) ~[na:na]
	at org.eclipse.m2e.core.internal.embedder.MavenExecutionContext.executeBare(MavenExecutionContext.java:182) ~[na:na]
	at org.eclipse.m2e.core.internal.embedder.MavenExecutionContext.execute(MavenExecutionContext.java:156) ~[na:na]
	at org.eclipse.m2e.core.internal.embedder.MavenExecutionContext.execute(MavenExecutionContext.java:103) ~[na:na]
	at org.eclipse.m2e.core.internal.embedder.MavenImpl.execute(MavenImpl.java:1416) ~[na:na]
	at org.eclipse.m2e.jdt.internal.launch.MavenRuntimeClasspathProvider.resolveClasspath(MavenRuntimeClasspathProvider.java:161) ~[na:na]
	at org.eclipse.jdt.internal.launching.RuntimeClasspathProvider.resolveClasspath(RuntimeClasspathProvider.java:68) ~[na:na]
	at org.eclipse.jdt.launching.JavaRuntime.resolveRuntimeClasspath(JavaRuntime.java:1664) ~[na:na]
	at org.eclipse.jdt.launching.AbstractJavaLaunchConfigurationDelegate.getClasspathAndModulepath(AbstractJavaLaunchConfigurationDelegate.java:464) ~[na:na]
	at org.eclipse.jdt.launching.JavaLaunchDelegate.getVMRunnerConfiguration(JavaLaunchDelegate.java:132) ~[na:na]
	at org.eclipse.jdt.launching.JavaLaunchDelegate.launch(JavaLaunchDelegate.java:160) ~[na:na]
	at org.eclipse.debug.internal.core.LaunchConfiguration.launch(LaunchConfiguration.java:803) ~[na:na]
	at org.eclipse.debug.internal.core.LaunchConfiguration.launch(LaunchConfiguration.java:716) ~[na:na]
	at org.eclipse.debug.internal.ui.DebugUIPlugin.buildAndLaunch(DebugUIPlugin.java:1021) ~[na:na]
	at org.eclipse.debug.internal.ui.DebugUIPlugin$2.run(DebugUIPlugin.java:1224) ~[na:na]
	at org.eclipse.core.internal.jobs.Worker.run(Worker.java:63) ~[org.eclipse.core.jobs_3.13.0.v20220512-1935.jar:na]
2022-09-05 11:05:04,831 [Worker-35: Launching Pw2JpaApplication] ERROR o.e.m2e.jdt.internal.ModuleSupport - zip END header not found
java.util.zip.ZipException: zip END header not found
	at java.base/java.util.zip.ZipFile$Source.findEND(ZipFile.java:1469) ~[na:na]
	at java.base/java.util.zip.ZipFile$Source.initCEN(ZipFile.java:1477) ~[na:na]
	at java.base/java.util.zip.ZipFile$Source.<init>(ZipFile.java:1315) ~[na:na]
	at java.base/java.util.zip.ZipFile$Source.get(ZipFile.java:1277) ~[na:na]
	at java.base/java.util.zip.ZipFile$CleanableResource.<init>(ZipFile.java:709) ~[na:na]
	at java.base/java.util.zip.ZipFile.<init>(ZipFile.java:243) ~[na:na]
	at java.base/java.util.zip.ZipFile.<init>(ZipFile.java:172) ~[na:na]
	at java.base/java.util.jar.JarFile.<init>(JarFile.java:347) ~[na:na]
	at java.base/java.util.jar.JarFile.<init>(JarFile.java:318) ~[na:na]
	at java.base/java.util.jar.JarFile.<init>(JarFile.java:298) ~[na:na]
	at org.eclipse.m2e.jdt.internal.ModuleSupport.getModuleInfo(ModuleSupport.java:241) ~[na:na]
	at org.eclipse.m2e.jdt.internal.ModuleSupport.getModuleInfo(ModuleSupport.java:203) ~[na:na]
	at org.eclipse.m2e.jdt.internal.ModuleSupport.configureClasspath(ModuleSupport.java:134) ~[na:na]
	at org.eclipse.m2e.jdt.internal.AbstractJavaProjectConfigurator.configureClasspath(AbstractJavaProjectConfigurator.java:896) ~[na:na]
	at org.eclipse.m2e.jdt.internal.DefaultClasspathManagerDelegate.populateClasspath(DefaultClasspathManagerDelegate.java:68) ~[na:na]
	at org.eclipse.m2e.jdt.internal.BuildPathManager.getClasspath(BuildPathManager.java:248) ~[na:na]
	at org.eclipse.m2e.jdt.internal.BuildPathManager.getClasspath(BuildPathManager.java:372) ~[na:na]
	at org.eclipse.m2e.jdt.internal.launch.MavenRuntimeClasspathProvider.addMavenClasspathEntries(MavenRuntimeClasspathProvider.java:206) ~[na:na]
	at org.eclipse.m2e.jdt.internal.launch.MavenRuntimeClasspathProvider.resolveClasspath0(MavenRuntimeClasspathProvider.java:179) ~[na:na]
	at org.eclipse.m2e.jdt.internal.launch.MavenRuntimeClasspathProvider.lambda$1(MavenRuntimeClasspathProvider.java:161) ~[na:na]
	at org.eclipse.m2e.core.internal.embedder.MavenExecutionContext.executeBare(MavenExecutionContext.java:182) ~[na:na]
	at org.eclipse.m2e.core.internal.embedder.MavenExecutionContext.execute(MavenExecutionContext.java:156) ~[na:na]
	at org.eclipse.m2e.core.internal.embedder.MavenExecutionContext.execute(MavenExecutionContext.java:103) ~[na:na]
	at org.eclipse.m2e.core.internal.embedder.MavenImpl.execute(MavenImpl.java:1416) ~[na:na]
	at org.eclipse.m2e.jdt.internal.launch.MavenRuntimeClasspathProvider.resolveClasspath(MavenRuntimeClasspathProvider.java:161) ~[na:na]
	at org.eclipse.jdt.internal.launching.RuntimeClasspathProvider.resolveClasspath(RuntimeClasspathProvider.java:68) ~[na:na]
	at org.eclipse.jdt.launching.JavaRuntime.resolveRuntimeClasspath(JavaRuntime.java:1664) ~[na:na]
	at org.eclipse.jdt.launching.AbstractJavaLaunchConfigurationDelegate.getClasspathAndModulepath(AbstractJavaLaunchConfigurationDelegate.java:464) ~[na:na]
	at org.eclipse.jdt.launching.JavaLaunchDelegate.getVMRunnerConfiguration(JavaLaunchDelegate.java:132) ~[na:na]
	at org.eclipse.jdt.launching.JavaLaunchDelegate.launch(JavaLaunchDelegate.java:160) ~[na:na]
	at org.eclipse.debug.internal.core.LaunchConfiguration.launch(LaunchConfiguration.java:803) ~[na:na]
	at org.eclipse.debug.internal.core.LaunchConfiguration.launch(LaunchConfiguration.java:716) ~[na:na]
	at org.eclipse.debug.internal.ui.DebugUIPlugin.buildAndLaunch(DebugUIPlugin.java:1021) ~[na:na]
	at org.eclipse.debug.internal.ui.DebugUIPlugin$2.run(DebugUIPlugin.java:1224) ~[na:na]
	at org.eclipse.core.internal.jobs.Worker.run(Worker.java:63) ~[org.eclipse.core.jobs_3.13.0.v20220512-1935.jar:na]
2022-09-05 11:05:04,884 [Worker-35: Launching Pw2JpaApplication] ERROR o.e.m2e.jdt.internal.ModuleSupport - zip END header not found
java.util.zip.ZipException: zip END header not found
	at java.base/java.util.zip.ZipFile$Source.findEND(ZipFile.java:1469) ~[na:na]
	at java.base/java.util.zip.ZipFile$Source.initCEN(ZipFile.java:1477) ~[na:na]
	at java.base/java.util.zip.ZipFile$Source.<init>(ZipFile.java:1315) ~[na:na]
	at java.base/java.util.zip.ZipFile$Source.get(ZipFile.java:1277) ~[na:na]
	at java.base/java.util.zip.ZipFile$CleanableResource.<init>(ZipFile.java:709) ~[na:na]
	at java.base/java.util.zip.ZipFile.<init>(ZipFile.java:243) ~[na:na]
	at java.base/java.util.zip.ZipFile.<init>(ZipFile.java:172) ~[na:na]
	at java.base/java.util.jar.JarFile.<init>(JarFile.java:347) ~[na:na]
	at java.base/java.util.jar.JarFile.<init>(JarFile.java:318) ~[na:na]
	at java.base/java.util.jar.JarFile.<init>(JarFile.java:298) ~[na:na]
	at org.eclipse.m2e.jdt.internal.ModuleSupport.getModuleInfo(ModuleSupport.java:241) ~[na:na]
	at org.eclipse.m2e.jdt.internal.ModuleSupport.getModuleInfo(ModuleSupport.java:203) ~[na:na]
	at org.eclipse.m2e.jdt.internal.ModuleSupport.configureClasspath(ModuleSupport.java:134) ~[na:na]
	at org.eclipse.m2e.jdt.internal.AbstractJavaProjectConfigurator.configureClasspath(AbstractJavaProjectConfigurator.java:896) ~[na:na]
	at org.eclipse.m2e.jdt.internal.DefaultClasspathManagerDelegate.populateClasspath(DefaultClasspathManagerDelegate.java:68) ~[na:na]
	at org.eclipse.m2e.jdt.internal.BuildPathManager.getClasspath(BuildPathManager.java:248) ~[na:na]
	at org.eclipse.m2e.jdt.internal.BuildPathManager.getClasspath(BuildPathManager.java:372) ~[na:na]
	at org.eclipse.m2e.jdt.internal.launch.MavenRuntimeClasspathProvider.addMavenClasspathEntries(MavenRuntimeClasspathProvider.java:206) ~[na:na]
	at org.eclipse.m2e.jdt.internal.launch.MavenRuntimeClasspathProvider.resolveClasspath0(MavenRuntimeClasspathProvider.java:179) ~[na:na]
	at org.eclipse.m2e.jdt.internal.launch.MavenRuntimeClasspathProvider.lambda$1(MavenRuntimeClasspathProvider.java:161) ~[na:na]
	at org.eclipse.m2e.core.internal.embedder.MavenExecutionContext.executeBare(MavenExecutionContext.java:182) ~[na:na]
	at org.eclipse.m2e.core.internal.embedder.MavenExecutionContext.execute(MavenExecutionContext.java:156) ~[na:na]
	at org.eclipse.m2e.core.internal.embedder.MavenExecutionContext.execute(MavenExecutionContext.java:103) ~[na:na]
	at org.eclipse.m2e.core.internal.embedder.MavenImpl.execute(MavenImpl.java:1416) ~[na:na]
	at org.eclipse.m2e.jdt.internal.launch.MavenRuntimeClasspathProvider.resolveClasspath(MavenRuntimeClasspathProvider.java:161) ~[na:na]
	at org.eclipse.jdt.internal.launching.RuntimeClasspathProvider.resolveClasspath(RuntimeClasspathProvider.java:68) ~[na:na]
	at org.eclipse.jdt.launching.JavaRuntime.resolveRuntimeClasspath(JavaRuntime.java:1664) ~[na:na]
	at org.eclipse.jdt.launching.AbstractJavaLaunchConfigurationDelegate.getModuleCLIOptions(AbstractJavaLaunchConfigurationDelegate.java:1156) ~[na:na]
	at org.eclipse.jdt.launching.JavaLaunchDelegate.getVMRunnerConfiguration(JavaLaunchDelegate.java:139) ~[na:na]
	at org.eclipse.jdt.launching.JavaLaunchDelegate.launch(JavaLaunchDelegate.java:160) ~[na:na]
	at org.eclipse.debug.internal.core.LaunchConfiguration.launch(LaunchConfiguration.java:803) ~[na:na]
	at org.eclipse.debug.internal.core.LaunchConfiguration.launch(LaunchConfiguration.java:716) ~[na:na]
	at org.eclipse.debug.internal.ui.DebugUIPlugin.buildAndLaunch(DebugUIPlugin.java:1021) ~[na:na]
	at org.eclipse.debug.internal.ui.DebugUIPlugin$2.run(DebugUIPlugin.java:1224) ~[na:na]
	at org.eclipse.core.internal.jobs.Worker.run(Worker.java:63) ~[org.eclipse.core.jobs_3.13.0.v20220512-1935.jar:na]
2022-09-05 11:05:04,889 [Worker-35: Launching Pw2JpaApplication] ERROR o.e.m2e.jdt.internal.ModuleSupport - zip END header not found
java.util.zip.ZipException: zip END header not found
	at java.base/java.util.zip.ZipFile$Source.findEND(ZipFile.java:1469) ~[na:na]
	at java.base/java.util.zip.ZipFile$Source.initCEN(ZipFile.java:1477) ~[na:na]
	at java.base/java.util.zip.ZipFile$Source.<init>(ZipFile.java:1315) ~[na:na]
	at java.base/java.util.zip.ZipFile$Source.get(ZipFile.java:1277) ~[na:na]
	at java.base/java.util.zip.ZipFile$CleanableResource.<init>(ZipFile.java:709) ~[na:na]
	at java.base/java.util.zip.ZipFile.<init>(ZipFile.java:243) ~[na:na]
	at java.base/java.util.zip.ZipFile.<init>(ZipFile.java:172) ~[na:na]
	at java.base/java.util.jar.JarFile.<init>(JarFile.java:347) ~[na:na]
	at java.base/java.util.jar.JarFile.<init>(JarFile.java:318) ~[na:na]
	at java.base/java.util.jar.JarFile.<init>(JarFile.java:298) ~[na:na]
	at org.eclipse.m2e.jdt.internal.ModuleSupport.getModuleInfo(ModuleSupport.java:241) ~[na:na]
	at org.eclipse.m2e.jdt.internal.ModuleSupport.getModuleInfo(ModuleSupport.java:203) ~[na:na]
	at org.eclipse.m2e.jdt.internal.ModuleSupport.configureClasspath(ModuleSupport.java:134) ~[na:na]
	at org.eclipse.m2e.jdt.internal.AbstractJavaProjectConfigurator.configureClasspath(AbstractJavaProjectConfigurator.java:896) ~[na:na]
	at org.eclipse.m2e.jdt.internal.DefaultClasspathManagerDelegate.populateClasspath(DefaultClasspathManagerDelegate.java:68) ~[na:na]
	at org.eclipse.m2e.jdt.internal.BuildPathManager.getClasspath(BuildPathManager.java:248) ~[na:na]
	at org.eclipse.m2e.jdt.internal.BuildPathManager.getClasspath(BuildPathManager.java:372) ~[na:na]
	at org.eclipse.m2e.jdt.internal.launch.MavenRuntimeClasspathProvider.addMavenClasspathEntries(MavenRuntimeClasspathProvider.java:206) ~[na:na]
	at org.eclipse.m2e.jdt.internal.launch.MavenRuntimeClasspathProvider.resolveClasspath0(MavenRuntimeClasspathProvider.java:179) ~[na:na]
	at org.eclipse.m2e.jdt.internal.launch.MavenRuntimeClasspathProvider.lambda$1(MavenRuntimeClasspathProvider.java:161) ~[na:na]
	at org.eclipse.m2e.core.internal.embedder.MavenExecutionContext.executeBare(MavenExecutionContext.java:182) ~[na:na]
	at org.eclipse.m2e.core.internal.embedder.MavenExecutionContext.execute(MavenExecutionContext.java:156) ~[na:na]
	at org.eclipse.m2e.core.internal.embedder.MavenExecutionContext.execute(MavenExecutionContext.java:103) ~[na:na]
	at org.eclipse.m2e.core.internal.embedder.MavenImpl.execute(MavenImpl.java:1416) ~[na:na]
	at org.eclipse.m2e.jdt.internal.launch.MavenRuntimeClasspathProvider.resolveClasspath(MavenRuntimeClasspathProvider.java:161) ~[na:na]
	at org.eclipse.jdt.internal.launching.RuntimeClasspathProvider.resolveClasspath(RuntimeClasspathProvider.java:68) ~[na:na]
	at org.eclipse.jdt.launching.JavaRuntime.resolveRuntimeClasspath(JavaRuntime.java:1664) ~[na:na]
	at org.eclipse.jdt.launching.AbstractJavaLaunchConfigurationDelegate.getModuleCLIOptions(AbstractJavaLaunchConfigurationDelegate.java:1156) ~[na:na]
	at org.eclipse.jdt.launching.JavaLaunchDelegate.getVMRunnerConfiguration(JavaLaunchDelegate.java:139) ~[na:na]
	at org.eclipse.jdt.launching.JavaLaunchDelegate.launch(JavaLaunchDelegate.java:160) ~[na:na]
	at org.eclipse.debug.internal.core.LaunchConfiguration.launch(LaunchConfiguration.java:803) ~[na:na]
	at org.eclipse.debug.internal.core.LaunchConfiguration.launch(LaunchConfiguration.java:716) ~[na:na]
	at org.eclipse.debug.internal.ui.DebugUIPlugin.buildAndLaunch(DebugUIPlugin.java:1021) ~[na:na]
	at org.eclipse.debug.internal.ui.DebugUIPlugin$2.run(DebugUIPlugin.java:1224) ~[na:na]
	at org.eclipse.core.internal.jobs.Worker.run(Worker.java:63) ~[org.eclipse.core.jobs_3.13.0.v20220512-1935.jar:na]
2022-09-05 11:05:12,588 [Worker-36: Building] INFO  o.e.m.c.i.embedder.EclipseLogger - Using 'UTF-8' encoding to copy filtered resources.
2022-09-05 11:05:12,588 [Worker-36: Building] INFO  o.e.m.c.i.embedder.EclipseLogger - Using 'UTF-8' encoding to copy filtered properties files.
2022-09-05 11:05:12,589 [Worker-36: Building] INFO  o.e.m.c.i.embedder.EclipseLogger - Copying 0 resource
2022-09-05 11:05:12,589 [Worker-36: Building] INFO  o.e.m.c.i.embedder.EclipseLogger - Copying 0 resource
2022-09-05 11:05:12,590 [Worker-36: Building] INFO  o.e.m.c.i.embedder.EclipseLogger - Using 'UTF-8' encoding to copy filtered resources.
2022-09-05 11:05:12,590 [Worker-36: Building] INFO  o.e.m.c.i.embedder.EclipseLogger - Using 'UTF-8' encoding to copy filtered properties files.
2022-09-05 11:05:12,590 [Worker-36: Building] INFO  o.e.m.c.i.embedder.EclipseLogger - skip non existing resourceDirectory D:\Projetos\2AI\PW2\Miguel-Matheus\pw2-jpa\pw2-jpa\src\test\resources
2022-09-05 11:06:36,632 [Worker-31: Launching Executing install in D__Projetos_2AI_PW2_Miguel-Matheus_pw2-jpa_pw2-jpa] INFO  o.e.m.i.launch.MavenLaunchDelegate - D:\Projetos\2AI\PW2\Miguel-Matheus\pw2-jpa\pw2-jpa
2022-09-05 11:06:36,633 [Worker-31: Launching Executing install in D__Projetos_2AI_PW2_Miguel-Matheus_pw2-jpa_pw2-jpa] INFO  o.e.m.i.launch.MavenLaunchDelegate -  mvn -B install
2022-09-05 11:08:22,003 [Worker-8: Building] INFO  o.e.m.c.i.embedder.EclipseLogger - Using 'UTF-8' encoding to copy filtered resources.
2022-09-05 11:08:22,003 [Worker-8: Building] INFO  o.e.m.c.i.embedder.EclipseLogger - Using 'UTF-8' encoding to copy filtered properties files.
2022-09-05 11:08:22,003 [Worker-8: Building] INFO  o.e.m.c.i.embedder.EclipseLogger - Copying 0 resource
2022-09-05 11:08:22,003 [Worker-8: Building] INFO  o.e.m.c.i.embedder.EclipseLogger - Copying 0 resource
2022-09-05 11:08:22,005 [Worker-8: Building] INFO  o.e.m.c.i.embedder.EclipseLogger - Using 'UTF-8' encoding to copy filtered resources.
2022-09-05 11:08:22,005 [Worker-8: Building] INFO  o.e.m.c.i.embedder.EclipseLogger - Using 'UTF-8' encoding to copy filtered properties files.
2022-09-05 11:08:22,005 [Worker-8: Building] INFO  o.e.m.c.i.embedder.EclipseLogger - skip non existing resourceDirectory D:\Projetos\2AI\PW2\Miguel-Matheus\pw2-jpa\pw2-jpa\src\test\resources
2022-09-05 11:10:23,362 [Worker-37: Launching Pw2JpaApplication] INFO  o.e.m.c.i.embedder.EclipseLogger - Using 'UTF-8' encoding to copy filtered resources.
2022-09-05 11:10:23,362 [Worker-37: Launching Pw2JpaApplication] INFO  o.e.m.c.i.embedder.EclipseLogger - Using 'UTF-8' encoding to copy filtered properties files.
2022-09-05 11:10:23,362 [Worker-37: Launching Pw2JpaApplication] INFO  o.e.m.c.i.embedder.EclipseLogger - Copying 0 resource
2022-09-05 11:10:23,362 [Worker-37: Launching Pw2JpaApplication] INFO  o.e.m.c.i.embedder.EclipseLogger - Copying 0 resource
2022-09-05 11:10:23,364 [Worker-37: Launching Pw2JpaApplication] INFO  o.e.m.c.i.embedder.EclipseLogger - Using 'UTF-8' encoding to copy filtered resources.
2022-09-05 11:10:23,364 [Worker-37: Launching Pw2JpaApplication] INFO  o.e.m.c.i.embedder.EclipseLogger - Using 'UTF-8' encoding to copy filtered properties files.
2022-09-05 11:10:23,364 [Worker-37: Launching Pw2JpaApplication] INFO  o.e.m.c.i.embedder.EclipseLogger - skip non existing resourceDirectory D:\Projetos\2AI\PW2\Miguel-Matheus\pw2-jpa\pw2-jpa\src\test\resources
2022-09-05 11:10:24,834 [Worker-37: Launching Pw2JpaApplication] ERROR o.e.m2e.jdt.internal.ModuleSupport - zip END header not found
java.util.zip.ZipException: zip END header not found
	at java.base/java.util.zip.ZipFile$Source.findEND(ZipFile.java:1469) ~[na:na]
	at java.base/java.util.zip.ZipFile$Source.initCEN(ZipFile.java:1477) ~[na:na]
	at java.base/java.util.zip.ZipFile$Source.<init>(ZipFile.java:1315) ~[na:na]
	at java.base/java.util.zip.ZipFile$Source.get(ZipFile.java:1277) ~[na:na]
	at java.base/java.util.zip.ZipFile$CleanableResource.<init>(ZipFile.java:709) ~[na:na]
	at java.base/java.util.zip.ZipFile.<init>(ZipFile.java:243) ~[na:na]
	at java.base/java.util.zip.ZipFile.<init>(ZipFile.java:172) ~[na:na]
	at java.base/java.util.jar.JarFile.<init>(JarFile.java:347) ~[na:na]
	at java.base/java.util.jar.JarFile.<init>(JarFile.java:318) ~[na:na]
	at java.base/java.util.jar.JarFile.<init>(JarFile.java:298) ~[na:na]
	at org.eclipse.m2e.jdt.internal.ModuleSupport.getModuleInfo(ModuleSupport.java:241) ~[na:na]
	at org.eclipse.m2e.jdt.internal.ModuleSupport.getModuleInfo(ModuleSupport.java:203) ~[na:na]
	at org.eclipse.m2e.jdt.internal.ModuleSupport.configureClasspath(ModuleSupport.java:134) ~[na:na]
	at org.eclipse.m2e.jdt.internal.AbstractJavaProjectConfigurator.configureClasspath(AbstractJavaProjectConfigurator.java:896) ~[na:na]
	at org.eclipse.m2e.jdt.internal.DefaultClasspathManagerDelegate.populateClasspath(DefaultClasspathManagerDelegate.java:68) ~[na:na]
	at org.eclipse.m2e.jdt.internal.BuildPathManager.getClasspath(BuildPathManager.java:248) ~[na:na]
	at org.eclipse.m2e.jdt.internal.BuildPathManager.getClasspath(BuildPathManager.java:372) ~[na:na]
	at org.eclipse.m2e.jdt.internal.launch.MavenRuntimeClasspathProvider.addMavenClasspathEntries(MavenRuntimeClasspathProvider.java:206) ~[na:na]
	at org.eclipse.m2e.jdt.internal.launch.MavenRuntimeClasspathProvider.resolveClasspath0(MavenRuntimeClasspathProvider.java:179) ~[na:na]
	at org.eclipse.m2e.jdt.internal.launch.MavenRuntimeClasspathProvider.lambda$1(MavenRuntimeClasspathProvider.java:161) ~[na:na]
	at org.eclipse.m2e.core.internal.embedder.MavenExecutionContext.executeBare(MavenExecutionContext.java:182) ~[na:na]
	at org.eclipse.m2e.core.internal.embedder.MavenExecutionContext.execute(MavenExecutionContext.java:156) ~[na:na]
	at org.eclipse.m2e.core.internal.embedder.MavenExecutionContext.execute(MavenExecutionContext.java:103) ~[na:na]
	at org.eclipse.m2e.core.internal.embedder.MavenImpl.execute(MavenImpl.java:1416) ~[na:na]
	at org.eclipse.m2e.jdt.internal.launch.MavenRuntimeClasspathProvider.resolveClasspath(MavenRuntimeClasspathProvider.java:161) ~[na:na]
	at org.eclipse.jdt.internal.launching.RuntimeClasspathProvider.resolveClasspath(RuntimeClasspathProvider.java:68) ~[na:na]
	at org.eclipse.jdt.launching.JavaRuntime.resolveRuntimeClasspath(JavaRuntime.java:1664) ~[na:na]
	at org.eclipse.jdt.launching.AbstractJavaLaunchConfigurationDelegate.getClasspath(AbstractJavaLaunchConfigurationDelegate.java:432) ~[na:na]
	at org.eclipse.jdt.launching.JavaLaunchDelegate.getVMRunnerConfiguration(JavaLaunchDelegate.java:96) ~[na:na]
	at org.eclipse.jdt.launching.JavaLaunchDelegate.launch(JavaLaunchDelegate.java:160) ~[na:na]
	at org.eclipse.debug.internal.core.LaunchConfiguration.launch(LaunchConfiguration.java:803) ~[na:na]
	at org.eclipse.debug.internal.core.LaunchConfiguration.launch(LaunchConfiguration.java:716) ~[na:na]
	at org.eclipse.debug.internal.ui.DebugUIPlugin.buildAndLaunch(DebugUIPlugin.java:1021) ~[na:na]
	at org.eclipse.debug.internal.ui.DebugUIPlugin$2.run(DebugUIPlugin.java:1224) ~[na:na]
	at org.eclipse.core.internal.jobs.Worker.run(Worker.java:63) ~[org.eclipse.core.jobs_3.13.0.v20220512-1935.jar:na]
2022-09-05 11:10:24,840 [Worker-37: Launching Pw2JpaApplication] ERROR o.e.m2e.jdt.internal.ModuleSupport - zip END header not found
java.util.zip.ZipException: zip END header not found
	at java.base/java.util.zip.ZipFile$Source.findEND(ZipFile.java:1469) ~[na:na]
	at java.base/java.util.zip.ZipFile$Source.initCEN(ZipFile.java:1477) ~[na:na]
	at java.base/java.util.zip.ZipFile$Source.<init>(ZipFile.java:1315) ~[na:na]
	at java.base/java.util.zip.ZipFile$Source.get(ZipFile.java:1277) ~[na:na]
	at java.base/java.util.zip.ZipFile$CleanableResource.<init>(ZipFile.java:709) ~[na:na]
	at java.base/java.util.zip.ZipFile.<init>(ZipFile.java:243) ~[na:na]
	at java.base/java.util.zip.ZipFile.<init>(ZipFile.java:172) ~[na:na]
	at java.base/java.util.jar.JarFile.<init>(JarFile.java:347) ~[na:na]
	at java.base/java.util.jar.JarFile.<init>(JarFile.java:318) ~[na:na]
	at java.base/java.util.jar.JarFile.<init>(JarFile.java:298) ~[na:na]
	at org.eclipse.m2e.jdt.internal.ModuleSupport.getModuleInfo(ModuleSupport.java:241) ~[na:na]
	at org.eclipse.m2e.jdt.internal.ModuleSupport.getModuleInfo(ModuleSupport.java:203) ~[na:na]
	at org.eclipse.m2e.jdt.internal.ModuleSupport.configureClasspath(ModuleSupport.java:134) ~[na:na]
	at org.eclipse.m2e.jdt.internal.AbstractJavaProjectConfigurator.configureClasspath(AbstractJavaProjectConfigurator.java:896) ~[na:na]
	at org.eclipse.m2e.jdt.internal.DefaultClasspathManagerDelegate.populateClasspath(DefaultClasspathManagerDelegate.java:68) ~[na:na]
	at org.eclipse.m2e.jdt.internal.BuildPathManager.getClasspath(BuildPathManager.java:248) ~[na:na]
	at org.eclipse.m2e.jdt.internal.BuildPathManager.getClasspath(BuildPathManager.java:372) ~[na:na]
	at org.eclipse.m2e.jdt.internal.launch.MavenRuntimeClasspathProvider.addMavenClasspathEntries(MavenRuntimeClasspathProvider.java:206) ~[na:na]
	at org.eclipse.m2e.jdt.internal.launch.MavenRuntimeClasspathProvider.resolveClasspath0(MavenRuntimeClasspathProvider.java:179) ~[na:na]
	at org.eclipse.m2e.jdt.internal.launch.MavenRuntimeClasspathProvider.lambda$1(MavenRuntimeClasspathProvider.java:161) ~[na:na]
	at org.eclipse.m2e.core.internal.embedder.MavenExecutionContext.executeBare(MavenExecutionContext.java:182) ~[na:na]
	at org.eclipse.m2e.core.internal.embedder.MavenExecutionContext.execute(MavenExecutionContext.java:156) ~[na:na]
	at org.eclipse.m2e.core.internal.embedder.MavenExecutionContext.execute(MavenExecutionContext.java:103) ~[na:na]
	at org.eclipse.m2e.core.internal.embedder.MavenImpl.execute(MavenImpl.java:1416) ~[na:na]
	at org.eclipse.m2e.jdt.internal.launch.MavenRuntimeClasspathProvider.resolveClasspath(MavenRuntimeClasspathProvider.java:161) ~[na:na]
	at org.eclipse.jdt.internal.launching.RuntimeClasspathProvider.resolveClasspath(RuntimeClasspathProvider.java:68) ~[na:na]
	at org.eclipse.jdt.launching.JavaRuntime.resolveRuntimeClasspath(JavaRuntime.java:1664) ~[na:na]
	at org.eclipse.jdt.launching.AbstractJavaLaunchConfigurationDelegate.getClasspath(AbstractJavaLaunchConfigurationDelegate.java:432) ~[na:na]
	at org.eclipse.jdt.launching.JavaLaunchDelegate.getVMRunnerConfiguration(JavaLaunchDelegate.java:96) ~[na:na]
	at org.eclipse.jdt.launching.JavaLaunchDelegate.launch(JavaLaunchDelegate.java:160) ~[na:na]
	at org.eclipse.debug.internal.core.LaunchConfiguration.launch(LaunchConfiguration.java:803) ~[na:na]
	at org.eclipse.debug.internal.core.LaunchConfiguration.launch(LaunchConfiguration.java:716) ~[na:na]
	at org.eclipse.debug.internal.ui.DebugUIPlugin.buildAndLaunch(DebugUIPlugin.java:1021) ~[na:na]
	at org.eclipse.debug.internal.ui.DebugUIPlugin$2.run(DebugUIPlugin.java:1224) ~[na:na]
	at org.eclipse.core.internal.jobs.Worker.run(Worker.java:63) ~[org.eclipse.core.jobs_3.13.0.v20220512-1935.jar:na]
2022-09-05 11:10:24,899 [Worker-37: Launching Pw2JpaApplication] ERROR o.e.m2e.jdt.internal.ModuleSupport - zip END header not found
java.util.zip.ZipException: zip END header not found
	at java.base/java.util.zip.ZipFile$Source.findEND(ZipFile.java:1469) ~[na:na]
	at java.base/java.util.zip.ZipFile$Source.initCEN(ZipFile.java:1477) ~[na:na]
	at java.base/java.util.zip.ZipFile$Source.<init>(ZipFile.java:1315) ~[na:na]
	at java.base/java.util.zip.ZipFile$Source.get(ZipFile.java:1277) ~[na:na]
	at java.base/java.util.zip.ZipFile$CleanableResource.<init>(ZipFile.java:709) ~[na:na]
	at java.base/java.util.zip.ZipFile.<init>(ZipFile.java:243) ~[na:na]
	at java.base/java.util.zip.ZipFile.<init>(ZipFile.java:172) ~[na:na]
	at java.base/java.util.jar.JarFile.<init>(JarFile.java:347) ~[na:na]
	at java.base/java.util.jar.JarFile.<init>(JarFile.java:318) ~[na:na]
	at java.base/java.util.jar.JarFile.<init>(JarFile.java:298) ~[na:na]
	at org.eclipse.m2e.jdt.internal.ModuleSupport.getModuleInfo(ModuleSupport.java:241) ~[na:na]
	at org.eclipse.m2e.jdt.internal.ModuleSupport.getModuleInfo(ModuleSupport.java:203) ~[na:na]
	at org.eclipse.m2e.jdt.internal.ModuleSupport.configureClasspath(ModuleSupport.java:134) ~[na:na]
	at org.eclipse.m2e.jdt.internal.AbstractJavaProjectConfigurator.configureClasspath(AbstractJavaProjectConfigurator.java:896) ~[na:na]
	at org.eclipse.m2e.jdt.internal.DefaultClasspathManagerDelegate.populateClasspath(DefaultClasspathManagerDelegate.java:68) ~[na:na]
	at org.eclipse.m2e.jdt.internal.BuildPathManager.getClasspath(BuildPathManager.java:248) ~[na:na]
	at org.eclipse.m2e.jdt.internal.BuildPathManager.getClasspath(BuildPathManager.java:372) ~[na:na]
	at org.eclipse.m2e.jdt.internal.launch.MavenRuntimeClasspathProvider.addMavenClasspathEntries(MavenRuntimeClasspathProvider.java:206) ~[na:na]
	at org.eclipse.m2e.jdt.internal.launch.MavenRuntimeClasspathProvider.resolveClasspath0(MavenRuntimeClasspathProvider.java:179) ~[na:na]
	at org.eclipse.m2e.jdt.internal.launch.MavenRuntimeClasspathProvider.lambda$1(MavenRuntimeClasspathProvider.java:161) ~[na:na]
	at org.eclipse.m2e.core.internal.embedder.MavenExecutionContext.executeBare(MavenExecutionContext.java:182) ~[na:na]
	at org.eclipse.m2e.core.internal.embedder.MavenExecutionContext.execute(MavenExecutionContext.java:156) ~[na:na]
	at org.eclipse.m2e.core.internal.embedder.MavenExecutionContext.execute(MavenExecutionContext.java:103) ~[na:na]
	at org.eclipse.m2e.core.internal.embedder.MavenImpl.execute(MavenImpl.java:1416) ~[na:na]
	at org.eclipse.m2e.jdt.internal.launch.MavenRuntimeClasspathProvider.resolveClasspath(MavenRuntimeClasspathProvider.java:161) ~[na:na]
	at org.eclipse.jdt.internal.launching.RuntimeClasspathProvider.resolveClasspath(RuntimeClasspathProvider.java:68) ~[na:na]
	at org.eclipse.jdt.launching.JavaRuntime.resolveRuntimeClasspath(JavaRuntime.java:1664) ~[na:na]
	at org.eclipse.jdt.launching.AbstractJavaLaunchConfigurationDelegate.getClasspathAndModulepath(AbstractJavaLaunchConfigurationDelegate.java:464) ~[na:na]
	at org.eclipse.jdt.launching.JavaLaunchDelegate.getVMRunnerConfiguration(JavaLaunchDelegate.java:132) ~[na:na]
	at org.eclipse.jdt.launching.JavaLaunchDelegate.launch(JavaLaunchDelegate.java:160) ~[na:na]
	at org.eclipse.debug.internal.core.LaunchConfiguration.launch(LaunchConfiguration.java:803) ~[na:na]
	at org.eclipse.debug.internal.core.LaunchConfiguration.launch(LaunchConfiguration.java:716) ~[na:na]
	at org.eclipse.debug.internal.ui.DebugUIPlugin.buildAndLaunch(DebugUIPlugin.java:1021) ~[na:na]
	at org.eclipse.debug.internal.ui.DebugUIPlugin$2.run(DebugUIPlugin.java:1224) ~[na:na]
	at org.eclipse.core.internal.jobs.Worker.run(Worker.java:63) ~[org.eclipse.core.jobs_3.13.0.v20220512-1935.jar:na]
2022-09-05 11:10:24,904 [Worker-37: Launching Pw2JpaApplication] ERROR o.e.m2e.jdt.internal.ModuleSupport - zip END header not found
java.util.zip.ZipException: zip END header not found
	at java.base/java.util.zip.ZipFile$Source.findEND(ZipFile.java:1469) ~[na:na]
	at java.base/java.util.zip.ZipFile$Source.initCEN(ZipFile.java:1477) ~[na:na]
	at java.base/java.util.zip.ZipFile$Source.<init>(ZipFile.java:1315) ~[na:na]
	at java.base/java.util.zip.ZipFile$Source.get(ZipFile.java:1277) ~[na:na]
	at java.base/java.util.zip.ZipFile$CleanableResource.<init>(ZipFile.java:709) ~[na:na]
	at java.base/java.util.zip.ZipFile.<init>(ZipFile.java:243) ~[na:na]
	at java.base/java.util.zip.ZipFile.<init>(ZipFile.java:172) ~[na:na]
	at java.base/java.util.jar.JarFile.<init>(JarFile.java:347) ~[na:na]
	at java.base/java.util.jar.JarFile.<init>(JarFile.java:318) ~[na:na]
	at java.base/java.util.jar.JarFile.<init>(JarFile.java:298) ~[na:na]
	at org.eclipse.m2e.jdt.internal.ModuleSupport.getModuleInfo(ModuleSupport.java:241) ~[na:na]
	at org.eclipse.m2e.jdt.internal.ModuleSupport.getModuleInfo(ModuleSupport.java:203) ~[na:na]
	at org.eclipse.m2e.jdt.internal.ModuleSupport.configureClasspath(ModuleSupport.java:134) ~[na:na]
	at org.eclipse.m2e.jdt.internal.AbstractJavaProjectConfigurator.configureClasspath(AbstractJavaProjectConfigurator.java:896) ~[na:na]
	at org.eclipse.m2e.jdt.internal.DefaultClasspathManagerDelegate.populateClasspath(DefaultClasspathManagerDelegate.java:68) ~[na:na]
	at org.eclipse.m2e.jdt.internal.BuildPathManager.getClasspath(BuildPathManager.java:248) ~[na:na]
	at org.eclipse.m2e.jdt.internal.BuildPathManager.getClasspath(BuildPathManager.java:372) ~[na:na]
	at org.eclipse.m2e.jdt.internal.launch.MavenRuntimeClasspathProvider.addMavenClasspathEntries(MavenRuntimeClasspathProvider.java:206) ~[na:na]
	at org.eclipse.m2e.jdt.internal.launch.MavenRuntimeClasspathProvider.resolveClasspath0(MavenRuntimeClasspathProvider.java:179) ~[na:na]
	at org.eclipse.m2e.jdt.internal.launch.MavenRuntimeClasspathProvider.lambda$1(MavenRuntimeClasspathProvider.java:161) ~[na:na]
	at org.eclipse.m2e.core.internal.embedder.MavenExecutionContext.executeBare(MavenExecutionContext.java:182) ~[na:na]
	at org.eclipse.m2e.core.internal.embedder.MavenExecutionContext.execute(MavenExecutionContext.java:156) ~[na:na]
	at org.eclipse.m2e.core.internal.embedder.MavenExecutionContext.execute(MavenExecutionContext.java:103) ~[na:na]
	at org.eclipse.m2e.core.internal.embedder.MavenImpl.execute(MavenImpl.java:1416) ~[na:na]
	at org.eclipse.m2e.jdt.internal.launch.MavenRuntimeClasspathProvider.resolveClasspath(MavenRuntimeClasspathProvider.java:161) ~[na:na]
	at org.eclipse.jdt.internal.launching.RuntimeClasspathProvider.resolveClasspath(RuntimeClasspathProvider.java:68) ~[na:na]
	at org.eclipse.jdt.launching.JavaRuntime.resolveRuntimeClasspath(JavaRuntime.java:1664) ~[na:na]
	at org.eclipse.jdt.launching.AbstractJavaLaunchConfigurationDelegate.getClasspathAndModulepath(AbstractJavaLaunchConfigurationDelegate.java:464) ~[na:na]
	at org.eclipse.jdt.launching.JavaLaunchDelegate.getVMRunnerConfiguration(JavaLaunchDelegate.java:132) ~[na:na]
	at org.eclipse.jdt.launching.JavaLaunchDelegate.launch(JavaLaunchDelegate.java:160) ~[na:na]
	at org.eclipse.debug.internal.core.LaunchConfiguration.launch(LaunchConfiguration.java:803) ~[na:na]
	at org.eclipse.debug.internal.core.LaunchConfiguration.launch(LaunchConfiguration.java:716) ~[na:na]
	at org.eclipse.debug.internal.ui.DebugUIPlugin.buildAndLaunch(DebugUIPlugin.java:1021) ~[na:na]
	at org.eclipse.debug.internal.ui.DebugUIPlugin$2.run(DebugUIPlugin.java:1224) ~[na:na]
	at org.eclipse.core.internal.jobs.Worker.run(Worker.java:63) ~[org.eclipse.core.jobs_3.13.0.v20220512-1935.jar:na]
2022-09-05 11:10:24,957 [Worker-37: Launching Pw2JpaApplication] ERROR o.e.m2e.jdt.internal.ModuleSupport - zip END header not found
java.util.zip.ZipException: zip END header not found
	at java.base/java.util.zip.ZipFile$Source.findEND(ZipFile.java:1469) ~[na:na]
	at java.base/java.util.zip.ZipFile$Source.initCEN(ZipFile.java:1477) ~[na:na]
	at java.base/java.util.zip.ZipFile$Source.<init>(ZipFile.java:1315) ~[na:na]
	at java.base/java.util.zip.ZipFile$Source.get(ZipFile.java:1277) ~[na:na]
	at java.base/java.util.zip.ZipFile$CleanableResource.<init>(ZipFile.java:709) ~[na:na]
	at java.base/java.util.zip.ZipFile.<init>(ZipFile.java:243) ~[na:na]
	at java.base/java.util.zip.ZipFile.<init>(ZipFile.java:172) ~[na:na]
	at java.base/java.util.jar.JarFile.<init>(JarFile.java:347) ~[na:na]
	at java.base/java.util.jar.JarFile.<init>(JarFile.java:318) ~[na:na]
	at java.base/java.util.jar.JarFile.<init>(JarFile.java:298) ~[na:na]
	at org.eclipse.m2e.jdt.internal.ModuleSupport.getModuleInfo(ModuleSupport.java:241) ~[na:na]
	at org.eclipse.m2e.jdt.internal.ModuleSupport.getModuleInfo(ModuleSupport.java:203) ~[na:na]
	at org.eclipse.m2e.jdt.internal.ModuleSupport.configureClasspath(ModuleSupport.java:134) ~[na:na]
	at org.eclipse.m2e.jdt.internal.AbstractJavaProjectConfigurator.configureClasspath(AbstractJavaProjectConfigurator.java:896) ~[na:na]
	at org.eclipse.m2e.jdt.internal.DefaultClasspathManagerDelegate.populateClasspath(DefaultClasspathManagerDelegate.java:68) ~[na:na]
	at org.eclipse.m2e.jdt.internal.BuildPathManager.getClasspath(BuildPathManager.java:248) ~[na:na]
	at org.eclipse.m2e.jdt.internal.BuildPathManager.getClasspath(BuildPathManager.java:372) ~[na:na]
	at org.eclipse.m2e.jdt.internal.launch.MavenRuntimeClasspathProvider.addMavenClasspathEntries(MavenRuntimeClasspathProvider.java:206) ~[na:na]
	at org.eclipse.m2e.jdt.internal.launch.MavenRuntimeClasspathProvider.resolveClasspath0(MavenRuntimeClasspathProvider.java:179) ~[na:na]
	at org.eclipse.m2e.jdt.internal.launch.MavenRuntimeClasspathProvider.lambda$1(MavenRuntimeClasspathProvider.java:161) ~[na:na]
	at org.eclipse.m2e.core.internal.embedder.MavenExecutionContext.executeBare(MavenExecutionContext.java:182) ~[na:na]
	at org.eclipse.m2e.core.internal.embedder.MavenExecutionContext.execute(MavenExecutionContext.java:156) ~[na:na]
	at org.eclipse.m2e.core.internal.embedder.MavenExecutionContext.execute(MavenExecutionContext.java:103) ~[na:na]
	at org.eclipse.m2e.core.internal.embedder.MavenImpl.execute(MavenImpl.java:1416) ~[na:na]
	at org.eclipse.m2e.jdt.internal.launch.MavenRuntimeClasspathProvider.resolveClasspath(MavenRuntimeClasspathProvider.java:161) ~[na:na]
	at org.eclipse.jdt.internal.launching.RuntimeClasspathProvider.resolveClasspath(RuntimeClasspathProvider.java:68) ~[na:na]
	at org.eclipse.jdt.launching.JavaRuntime.resolveRuntimeClasspath(JavaRuntime.java:1664) ~[na:na]
	at org.eclipse.jdt.launching.AbstractJavaLaunchConfigurationDelegate.getModuleCLIOptions(AbstractJavaLaunchConfigurationDelegate.java:1156) ~[na:na]
	at org.eclipse.jdt.launching.JavaLaunchDelegate.getVMRunnerConfiguration(JavaLaunchDelegate.java:139) ~[na:na]
	at org.eclipse.jdt.launching.JavaLaunchDelegate.launch(JavaLaunchDelegate.java:160) ~[na:na]
	at org.eclipse.debug.internal.core.LaunchConfiguration.launch(LaunchConfiguration.java:803) ~[na:na]
	at org.eclipse.debug.internal.core.LaunchConfiguration.launch(LaunchConfiguration.java:716) ~[na:na]
	at org.eclipse.debug.internal.ui.DebugUIPlugin.buildAndLaunch(DebugUIPlugin.java:1021) ~[na:na]
	at org.eclipse.debug.internal.ui.DebugUIPlugin$2.run(DebugUIPlugin.java:1224) ~[na:na]
	at org.eclipse.core.internal.jobs.Worker.run(Worker.java:63) ~[org.eclipse.core.jobs_3.13.0.v20220512-1935.jar:na]
2022-09-05 11:10:24,962 [Worker-37: Launching Pw2JpaApplication] ERROR o.e.m2e.jdt.internal.ModuleSupport - zip END header not found
java.util.zip.ZipException: zip END header not found
	at java.base/java.util.zip.ZipFile$Source.findEND(ZipFile.java:1469) ~[na:na]
	at java.base/java.util.zip.ZipFile$Source.initCEN(ZipFile.java:1477) ~[na:na]
	at java.base/java.util.zip.ZipFile$Source.<init>(ZipFile.java:1315) ~[na:na]
	at java.base/java.util.zip.ZipFile$Source.get(ZipFile.java:1277) ~[na:na]
	at java.base/java.util.zip.ZipFile$CleanableResource.<init>(ZipFile.java:709) ~[na:na]
	at java.base/java.util.zip.ZipFile.<init>(ZipFile.java:243) ~[na:na]
	at java.base/java.util.zip.ZipFile.<init>(ZipFile.java:172) ~[na:na]
	at java.base/java.util.jar.JarFile.<init>(JarFile.java:347) ~[na:na]
	at java.base/java.util.jar.JarFile.<init>(JarFile.java:318) ~[na:na]
	at java.base/java.util.jar.JarFile.<init>(JarFile.java:298) ~[na:na]
	at org.eclipse.m2e.jdt.internal.ModuleSupport.getModuleInfo(ModuleSupport.java:241) ~[na:na]
	at org.eclipse.m2e.jdt.internal.ModuleSupport.getModuleInfo(ModuleSupport.java:203) ~[na:na]
	at org.eclipse.m2e.jdt.internal.ModuleSupport.configureClasspath(ModuleSupport.java:134) ~[na:na]
	at org.eclipse.m2e.jdt.internal.AbstractJavaProjectConfigurator.configureClasspath(AbstractJavaProjectConfigurator.java:896) ~[na:na]
	at org.eclipse.m2e.jdt.internal.DefaultClasspathManagerDelegate.populateClasspath(DefaultClasspathManagerDelegate.java:68) ~[na:na]
	at org.eclipse.m2e.jdt.internal.BuildPathManager.getClasspath(BuildPathManager.java:248) ~[na:na]
	at org.eclipse.m2e.jdt.internal.BuildPathManager.getClasspath(BuildPathManager.java:372) ~[na:na]
	at org.eclipse.m2e.jdt.internal.launch.MavenRuntimeClasspathProvider.addMavenClasspathEntries(MavenRuntimeClasspathProvider.java:206) ~[na:na]
	at org.eclipse.m2e.jdt.internal.launch.MavenRuntimeClasspathProvider.resolveClasspath0(MavenRuntimeClasspathProvider.java:179) ~[na:na]
	at org.eclipse.m2e.jdt.internal.launch.MavenRuntimeClasspathProvider.lambda$1(MavenRuntimeClasspathProvider.java:161) ~[na:na]
	at org.eclipse.m2e.core.internal.embedder.MavenExecutionContext.executeBare(MavenExecutionContext.java:182) ~[na:na]
	at org.eclipse.m2e.core.internal.embedder.MavenExecutionContext.execute(MavenExecutionContext.java:156) ~[na:na]
	at org.eclipse.m2e.core.internal.embedder.MavenExecutionContext.execute(MavenExecutionContext.java:103) ~[na:na]
	at org.eclipse.m2e.core.internal.embedder.MavenImpl.execute(MavenImpl.java:1416) ~[na:na]
	at org.eclipse.m2e.jdt.internal.launch.MavenRuntimeClasspathProvider.resolveClasspath(MavenRuntimeClasspathProvider.java:161) ~[na:na]
	at org.eclipse.jdt.internal.launching.RuntimeClasspathProvider.resolveClasspath(RuntimeClasspathProvider.java:68) ~[na:na]
	at org.eclipse.jdt.launching.JavaRuntime.resolveRuntimeClasspath(JavaRuntime.java:1664) ~[na:na]
	at org.eclipse.jdt.launching.AbstractJavaLaunchConfigurationDelegate.getModuleCLIOptions(AbstractJavaLaunchConfigurationDelegate.java:1156) ~[na:na]
	at org.eclipse.jdt.launching.JavaLaunchDelegate.getVMRunnerConfiguration(JavaLaunchDelegate.java:139) ~[na:na]
	at org.eclipse.jdt.launching.JavaLaunchDelegate.launch(JavaLaunchDelegate.java:160) ~[na:na]
	at org.eclipse.debug.internal.core.LaunchConfiguration.launch(LaunchConfiguration.java:803) ~[na:na]
	at org.eclipse.debug.internal.core.LaunchConfiguration.launch(LaunchConfiguration.java:716) ~[na:na]
	at org.eclipse.debug.internal.ui.DebugUIPlugin.buildAndLaunch(DebugUIPlugin.java:1021) ~[na:na]
	at org.eclipse.debug.internal.ui.DebugUIPlugin$2.run(DebugUIPlugin.java:1224) ~[na:na]
	at org.eclipse.core.internal.jobs.Worker.run(Worker.java:63) ~[org.eclipse.core.jobs_3.13.0.v20220512-1935.jar:na]
2022-09-05 11:12:25,178 [Worker-40: Building] INFO  o.e.m.c.i.embedder.EclipseLogger - Using 'UTF-8' encoding to copy filtered resources.
2022-09-05 11:12:25,178 [Worker-40: Building] INFO  o.e.m.c.i.embedder.EclipseLogger - Using 'UTF-8' encoding to copy filtered properties files.
2022-09-05 11:12:25,179 [Worker-40: Building] INFO  o.e.m.c.i.embedder.EclipseLogger - Copying 0 resource
2022-09-05 11:12:25,179 [Worker-40: Building] INFO  o.e.m.c.i.embedder.EclipseLogger - Copying 0 resource
2022-09-05 11:12:25,180 [Worker-40: Building] INFO  o.e.m.c.i.embedder.EclipseLogger - Using 'UTF-8' encoding to copy filtered resources.
2022-09-05 11:12:25,180 [Worker-40: Building] INFO  o.e.m.c.i.embedder.EclipseLogger - Using 'UTF-8' encoding to copy filtered properties files.
2022-09-05 11:12:25,180 [Worker-40: Building] INFO  o.e.m.c.i.embedder.EclipseLogger - skip non existing resourceDirectory D:\Projetos\2AI\PW2\Miguel-Matheus\pw2-jpa\pw2-jpa\src\test\resources
2022-09-05 11:12:56,672 [Worker-8: Building] INFO  o.e.m.c.i.embedder.EclipseLogger - Using 'UTF-8' encoding to copy filtered resources.
2022-09-05 11:12:56,672 [Worker-8: Building] INFO  o.e.m.c.i.embedder.EclipseLogger - Using 'UTF-8' encoding to copy filtered properties files.
2022-09-05 11:12:56,672 [Worker-8: Building] INFO  o.e.m.c.i.embedder.EclipseLogger - Copying 0 resource
2022-09-05 11:12:56,673 [Worker-8: Building] INFO  o.e.m.c.i.embedder.EclipseLogger - Copying 0 resource
2022-09-05 11:12:56,674 [Worker-8: Building] INFO  o.e.m.c.i.embedder.EclipseLogger - Using 'UTF-8' encoding to copy filtered resources.
2022-09-05 11:12:56,674 [Worker-8: Building] INFO  o.e.m.c.i.embedder.EclipseLogger - Using 'UTF-8' encoding to copy filtered properties files.
2022-09-05 11:12:56,674 [Worker-8: Building] INFO  o.e.m.c.i.embedder.EclipseLogger - skip non existing resourceDirectory D:\Projetos\2AI\PW2\Miguel-Matheus\pw2-jpa\pw2-jpa\src\test\resources
2022-09-05 11:13:24,195 [Worker-35: Building] INFO  o.e.m.c.i.embedder.EclipseLogger - Using 'UTF-8' encoding to copy filtered resources.
2022-09-05 11:13:24,195 [Worker-35: Building] INFO  o.e.m.c.i.embedder.EclipseLogger - Using 'UTF-8' encoding to copy filtered properties files.
2022-09-05 11:13:24,195 [Worker-35: Building] INFO  o.e.m.c.i.embedder.EclipseLogger - Copying 0 resource
2022-09-05 11:13:24,195 [Worker-35: Building] INFO  o.e.m.c.i.embedder.EclipseLogger - Copying 0 resource
2022-09-05 11:13:24,197 [Worker-35: Building] INFO  o.e.m.c.i.embedder.EclipseLogger - Using 'UTF-8' encoding to copy filtered resources.
2022-09-05 11:13:24,198 [Worker-35: Building] INFO  o.e.m.c.i.embedder.EclipseLogger - Using 'UTF-8' encoding to copy filtered properties files.
2022-09-05 11:13:24,198 [Worker-35: Building] INFO  o.e.m.c.i.embedder.EclipseLogger - skip non existing resourceDirectory D:\Projetos\2AI\PW2\Miguel-Matheus\pw2-jpa\pw2-jpa\src\test\resources
2022-09-05 11:14:23,757 [Worker-40: Launching Executing install in D__Projetos_2AI_PW2_Miguel-Matheus_pw2-jpa_pw2-jpa] INFO  o.e.m.i.launch.MavenLaunchDelegate - D:\Projetos\2AI\PW2\Miguel-Matheus\pw2-jpa\pw2-jpa
2022-09-05 11:14:23,757 [Worker-40: Launching Executing install in D__Projetos_2AI_PW2_Miguel-Matheus_pw2-jpa_pw2-jpa] INFO  o.e.m.i.launch.MavenLaunchDelegate -  mvn -B install
2022-09-05 11:14:26,328 [Worker-41: Building] INFO  o.e.m.c.i.embedder.EclipseLogger - Using 'UTF-8' encoding to copy filtered resources.
2022-09-05 11:14:26,328 [Worker-41: Building] INFO  o.e.m.c.i.embedder.EclipseLogger - Using 'UTF-8' encoding to copy filtered properties files.
2022-09-05 11:14:26,329 [Worker-41: Building] INFO  o.e.m.c.i.embedder.EclipseLogger - Copying 0 resource
2022-09-05 11:14:26,329 [Worker-41: Building] INFO  o.e.m.c.i.embedder.EclipseLogger - Copying 0 resource
2022-09-05 11:14:26,330 [Worker-41: Building] INFO  o.e.m.c.i.embedder.EclipseLogger - Using 'UTF-8' encoding to copy filtered resources.
2022-09-05 11:14:26,330 [Worker-41: Building] INFO  o.e.m.c.i.embedder.EclipseLogger - Using 'UTF-8' encoding to copy filtered properties files.
2022-09-05 11:14:26,330 [Worker-41: Building] INFO  o.e.m.c.i.embedder.EclipseLogger - skip non existing resourceDirectory D:\Projetos\2AI\PW2\Miguel-Matheus\pw2-jpa\pw2-jpa\src\test\resources
2022-09-05 11:15:54,975 [Worker-1: Loading available Gradle versions] INFO  o.e.b.c.i.u.g.PublishedGradleVersions - Gradle version information cache is up-to-date. Trying to read.
